# JRE version: OpenJDK Runtime Environment Temurin-17.0.6+10 (17.0.6+10) (build 17.0.6+10)
# Java VM: OpenJDK 64-Bit Server VM Temurin-17.0.6+10 (17.0.6+10, mixed mode, sharing, tiered, compressed oops, compressed class ptrs, g1 gc, windows-amd64)
GC Precious Log:
 CPUs: 4 total, 4 available
 Memory: 8089M
 Large Page Support: Disabled
 NUMA Support: Disabled
 Compressed Oops: Enabled (32-bit)
 Heap Region Size: 1M
 Heap Min Capacity: 8M
 Heap Initial Capacity: 128M
 Heap Max Capacity: 2G
 Pre-touch: Disabled
 Parallel Workers: 4
 Concurrent Workers: 1
 Concurrent Refinement Workers: 4
 Periodic GC: Disabled
Heap:
 garbage-first heap   total 439296K, used 267264K [0x0000000080000000, 0x0000000100000000)
  region size 1024K, 14 young (14336K), 14 survivors (14336K)
 Metaspace       used 127357K, committed 128448K, reserved 536576K
  class space    used 17138K, committed 17664K, reserved 421888K
GC Heap History (20 events):
Event: 22.790 GC heap after
{Heap after GC invocations=36 (full 0):
 garbage-first heap   total 287744K, used 141824K [0x0000000080000000, 0x0000000100000000)
  region size 1024K, 10 young (10240K), 10 survivors (10240K)
 Metaspace       used 100010K, committed 100992K, reserved 512000K
  class space    used 13602K, committed 14080K, reserved 421888K
}
Event: 23.597 GC heap before
{Heap before GC invocations=36 (full 0):
 garbage-first heap   total 287744K, used 217600K [0x0000000080000000, 0x0000000100000000)
  region size 1024K, 86 young (88064K), 10 survivors (10240K)
 Metaspace       used 100621K, committed 101568K, reserved 512000K
  class space    used 13676K, committed 14144K, reserved 421888K
}
Event: 23.616 GC heap after
{Heap after GC invocations=37 (full 0):
 garbage-first heap   total 287744K, used 147899K [0x0000000080000000, 0x0000000100000000)
  region size 1024K, 7 young (7168K), 7 survivors (7168K)
 Metaspace       used 100621K, committed 101568K, reserved 512000K
  class space    used 13676K, committed 14144K, reserved 421888K
}
Event: 24.535 GC heap before
{Heap before GC invocations=38 (full 0):
 garbage-first heap   total 287744K, used 241083K [0x0000000080000000, 0x0000000100000000)
  region size 1024K, 83 young (84992K), 7 survivors (7168K)
 Metaspace       used 101019K, committed 101952K, reserved 512000K
  class space    used 13694K, committed 14144K, reserved 421888K
}
Event: 24.551 GC heap after
{Heap after GC invocations=39 (full 0):
 garbage-first heap   total 287744K, used 152574K [0x0000000080000000, 0x0000000100000000)
  region size 1024K, 11 young (11264K), 11 survivors (11264K)
 Metaspace       used 101019K, committed 101952K, reserved 512000K
  class space    used 13694K, committed 14144K, reserved 421888K
}
Event: 24.573 GC heap before
{Heap before GC invocations=39 (full 0):
 garbage-first heap   total 287744K, used 155646K [0x0000000080000000, 0x0000000100000000)
  region size 1024K, 14 young (14336K), 11 survivors (11264K)
 Metaspace       used 101020K, committed 101952K, reserved 512000K
  class space    used 13694K, committed 14144K, reserved 421888K
}
Event: 24.585 GC heap after
{Heap after GC invocations=40 (full 0):
 garbage-first heap   total 439296K, used 153998K [0x0000000080000000, 0x0000000100000000)
  region size 1024K, 2 young (2048K), 2 survivors (2048K)
 Metaspace       used 101020K, committed 101952K, reserved 512000K
  class space    used 13694K, committed 14144K, reserved 421888K
}
Event: 27.750 GC heap before
{Heap before GC invocations=40 (full 0):
 garbage-first heap   total 439296K, used 347534K [0x0000000080000000, 0x0000000100000000)
  region size 1024K, 182 young (186368K), 2 survivors (2048K)
 Metaspace       used 112208K, committed 113344K, reserved 528384K
  class space    used 15118K, committed 15680K, reserved 421888K
}
Event: 27.771 GC heap after
{Heap after GC invocations=41 (full 0):
 garbage-first heap   total 439296K, used 172071K [0x0000000080000000, 0x0000000100000000)
  region size 1024K, 18 young (18432K), 18 survivors (18432K)
 Metaspace       used 112208K, committed 113344K, reserved 528384K
  class space    used 15118K, committed 15680K, reserved 421888K
}
Event: 30.069 GC heap before
{Heap before GC invocations=41 (full 0):
 garbage-first heap   total 439296K, used 354343K [0x0000000080000000, 0x0000000100000000)
  region size 1024K, 179 young (183296K), 18 survivors (18432K)
 Metaspace       used 114940K, committed 116032K, reserved 528384K
  class space    used 15426K, committed 16000K, reserved 421888K
}
Event: 30.094 GC heap after
{Heap after GC invocations=42 (full 0):
 garbage-first heap   total 439296K, used 184721K [0x0000000080000000, 0x0000000100000000)
  region size 1024K, 12 young (12288K), 12 survivors (12288K)
 Metaspace       used 114940K, committed 116032K, reserved 528384K
  class space    used 15426K, committed 16000K, reserved 421888K
}
Event: 31.668 GC heap before
{Heap before GC invocations=42 (full 0):
 garbage-first heap   total 439296K, used 345489K [0x0000000080000000, 0x0000000100000000)
  region size 1024K, 170 young (174080K), 12 survivors (12288K)
 Metaspace       used 120306K, committed 121408K, reserved 528384K
  class space    used 16158K, committed 16704K, reserved 421888K
}
Event: 31.696 GC heap after
{Heap after GC invocations=43 (full 0):
 garbage-first heap   total 439296K, used 203776K [0x0000000080000000, 0x0000000100000000)
  region size 1024K, 22 young (22528K), 22 survivors (22528K)
 Metaspace       used 120306K, committed 121408K, reserved 528384K
  class space    used 16158K, committed 16704K, reserved 421888K
}
Event: 32.402 GC heap before
{Heap before GC invocations=43 (full 0):
 garbage-first heap   total 439296K, used 348160K [0x0000000080000000, 0x0000000100000000)
  region size 1024K, 163 young (166912K), 22 survivors (22528K)
 Metaspace       used 123130K, committed 124224K, reserved 536576K
  class space    used 16610K, committed 17152K, reserved 421888K
}
Event: 32.432 GC heap after
{Heap after GC invocations=44 (full 0):
 garbage-first heap   total 439296K, used 211964K [0x0000000080000000, 0x0000000100000000)
  region size 1024K, 12 young (12288K), 12 survivors (12288K)
 Metaspace       used 123130K, committed 124224K, reserved 536576K
  class space    used 16610K, committed 17152K, reserved 421888K
}
Event: 33.548 GC heap before
{Heap before GC invocations=44 (full 0):
 garbage-first heap   total 439296K, used 354300K [0x0000000080000000, 0x0000000100000000)
  region size 1024K, 148 young (151552K), 12 survivors (12288K)
 Metaspace       used 125765K, committed 126848K, reserved 536576K
  class space    used 17019K, committed 17536K, reserved 421888K
}
Event: 33.594 GC heap after
{Heap after GC invocations=45 (full 0):
 garbage-first heap   total 439296K, used 236544K [0x0000000080000000, 0x0000000100000000)
  region size 1024K, 19 young (19456K), 19 survivors (19456K)
 Metaspace       used 125765K, committed 126848K, reserved 536576K
  class space    used 17019K, committed 17536K, reserved 421888K
}
Event: 34.546 GC heap before
{Heap before GC invocations=45 (full 0):
 garbage-first heap   total 439296K, used 353280K [0x0000000080000000, 0x0000000100000000)
  region size 1024K, 133 young (136192K), 19 survivors (19456K)
 Metaspace       used 126891K, committed 128000K, reserved 536576K
  class space    used 17112K, committed 17664K, reserved 421888K
}
Event: 34.590 GC heap after
{Heap after GC invocations=46 (full 0):
 garbage-first heap   total 439296K, used 252416K [0x0000000080000000, 0x0000000100000000)
  region size 1024K, 17 young (17408K), 17 survivors (17408K)
 Metaspace       used 126891K, committed 128000K, reserved 536576K
  class space    used 17112K, committed 17664K, reserved 421888K
}
Event: 35.396 GC heap before
{Heap before GC invocations=46 (full 0):
 garbage-first heap   total 439296K, used 354816K [0x0000000080000000, 0x0000000100000000)
  region size 1024K, 118 young (120832K), 17 survivors (17408K)
 Metaspace       used 127357K, committed 128448K, reserved 536576K
  class space    used 17138K, committed 17664K, reserved 421888K
}

