# JRE version: OpenJDK Runtime Environment Temurin-17.0.6+10 (17.0.6+10) (build 17.0.6+10)
# Java VM: OpenJDK 64-Bit Server VM Temurin-17.0.6+10 (17.0.6+10, mixed mode, sharing, tiered, compressed oops, compressed class ptrs, g1 gc, windows-amd64)
GC Precious Log:
 CPUs: 4 total, 4 available
 Memory: 8089M
 Large Page Support: Disabled
 NUMA Support: Disabled
 Compressed Oops: Enabled (32-bit)
 Heap Region Size: 1M
 Heap Min Capacity: 8M
 Heap Initial Capacity: 128M
 Heap Max Capacity: 2G
 Pre-touch: Disabled
 Parallel Workers: 4
 Concurrent Workers: 1
 Concurrent Refinement Workers: 4
 Periodic GC: Disabled
Heap:
 garbage-first heap   total 360448K, used 279374K [0x0000000080000000, 0x0000000100000000)
  region size 1024K, 34 young (34816K), 9 survivors (9216K)
 Metaspace       used 110189K, committed 111872K, reserved 520192K
  class space    used 14842K, committed 15616K, reserved 421888K
GC Heap History (20 events):
Event: 110.362 GC heap before
{Heap before GC invocations=47 (full 0):
 garbage-first heap   total 360448K, used 262840K [0x0000000080000000, 0x0000000100000000)
  region size 1024K, 116 young (118784K), 14 survivors (14336K)
 Metaspace       used 100213K, committed 101568K, reserved 512000K
  class space    used 13775K, committed 14400K, reserved 421888K
}
Event: 110.409 GC heap after
{Heap after GC invocations=48 (full 0):
 garbage-first heap   total 360448K, used 175533K [0x0000000080000000, 0x0000000100000000)
  region size 1024K, 15 young (15360K), 15 survivors (15360K)
 Metaspace       used 100213K, committed 101568K, reserved 512000K
  class space    used 13775K, committed 14400K, reserved 421888K
}
Event: 112.065 GC heap before
{Heap before GC invocations=48 (full 0):
 garbage-first heap   total 360448K, used 268717K [0x0000000080000000, 0x0000000100000000)
  region size 1024K, 106 young (108544K), 15 survivors (15360K)
 Metaspace       used 101766K, committed 103168K, reserved 512000K
  class space    used 13917K, committed 14592K, reserved 421888K
}
Event: 112.101 GC heap after
{Heap after GC invocations=49 (full 0):
 garbage-first heap   total 360448K, used 187904K [0x0000000080000000, 0x0000000100000000)
  region size 1024K, 11 young (11264K), 11 survivors (11264K)
 Metaspace       used 101766K, committed 103168K, reserved 512000K
  class space    used 13917K, committed 14592K, reserved 421888K
}
Event: 113.726 GC heap before
{Heap before GC invocations=49 (full 0):
 garbage-first heap   total 360448K, used 275968K [0x0000000080000000, 0x0000000100000000)
  region size 1024K, 98 young (100352K), 11 survivors (11264K)
 Metaspace       used 105891K, committed 107328K, reserved 520192K
  class space    used 14347K, committed 14976K, reserved 421888K
}
Event: 113.762 GC heap after
{Heap after GC invocations=50 (full 0):
 garbage-first heap   total 360448K, used 198144K [0x0000000080000000, 0x0000000100000000)
  region size 1024K, 11 young (11264K), 11 survivors (11264K)
 Metaspace       used 105891K, committed 107328K, reserved 520192K
  class space    used 14347K, committed 14976K, reserved 421888K
}
Event: 120.835 GC heap before
{Heap before GC invocations=50 (full 0):
 garbage-first heap   total 360448K, used 282112K [0x0000000080000000, 0x0000000100000000)
  region size 1024K, 94 young (96256K), 11 survivors (11264K)
 Metaspace       used 106623K, committed 108096K, reserved 520192K
  class space    used 14431K, committed 15104K, reserved 421888K
}
Event: 120.862 GC heap after
{Heap after GC invocations=51 (full 0):
 garbage-first heap   total 360448K, used 205820K [0x0000000080000000, 0x0000000100000000)
  region size 1024K, 8 young (8192K), 8 survivors (8192K)
 Metaspace       used 106623K, committed 108096K, reserved 520192K
  class space    used 14431K, committed 15104K, reserved 421888K
}
Event: 135.925 GC heap before
{Heap before GC invocations=51 (full 0):
 garbage-first heap   total 360448K, used 287740K [0x0000000080000000, 0x0000000100000000)
  region size 1024K, 89 young (91136K), 8 survivors (8192K)
 Metaspace       used 106718K, committed 108160K, reserved 520192K
  class space    used 14443K, committed 15104K, reserved 421888K
}
Event: 135.959 GC heap after
{Heap after GC invocations=52 (full 0):
 garbage-first heap   total 360448K, used 214517K [0x0000000080000000, 0x0000000100000000)
  region size 1024K, 12 young (12288K), 12 survivors (12288K)
 Metaspace       used 106718K, committed 108160K, reserved 520192K
  class space    used 14443K, committed 15104K, reserved 421888K
}
Event: 138.368 GC heap before
{Heap before GC invocations=52 (full 0):
 garbage-first heap   total 360448K, used 291317K [0x0000000080000000, 0x0000000100000000)
  region size 1024K, 88 young (90112K), 12 survivors (12288K)
 Metaspace       used 106984K, committed 108544K, reserved 520192K
  class space    used 14464K, committed 15168K, reserved 421888K
}
Event: 138.420 GC heap after
{Heap after GC invocations=53 (full 0):
 garbage-first heap   total 360448K, used 223221K [0x0000000080000000, 0x0000000100000000)
  region size 1024K, 9 young (9216K), 9 survivors (9216K)
 Metaspace       used 106984K, committed 108544K, reserved 520192K
  class space    used 14464K, committed 15168K, reserved 421888K
}
Event: 141.008 GC heap before
{Heap before GC invocations=53 (full 0):
 garbage-first heap   total 360448K, used 306165K [0x0000000080000000, 0x0000000100000000)
  region size 1024K, 79 young (80896K), 9 survivors (9216K)
 Metaspace       used 107349K, committed 108864K, reserved 520192K
  class space    used 14494K, committed 15168K, reserved 421888K
}
Event: 141.022 GC heap after
{Heap after GC invocations=54 (full 0):
 garbage-first heap   total 360448K, used 229522K [0x0000000080000000, 0x0000000100000000)
  region size 1024K, 7 young (7168K), 7 survivors (7168K)
 Metaspace       used 107349K, committed 108864K, reserved 520192K
  class space    used 14494K, committed 15168K, reserved 421888K
}
Event: 143.062 GC heap before
{Heap before GC invocations=54 (full 0):
 garbage-first heap   total 360448K, used 306322K [0x0000000080000000, 0x0000000100000000)
  region size 1024K, 75 young (76800K), 7 survivors (7168K)
 Metaspace       used 107552K, committed 109120K, reserved 520192K
  class space    used 14521K, committed 15232K, reserved 421888K
}
Event: 143.086 GC heap after
{Heap after GC invocations=55 (full 0):
 garbage-first heap   total 360448K, used 235460K [0x0000000080000000, 0x0000000100000000)
  region size 1024K, 6 young (6144K), 6 survivors (6144K)
 Metaspace       used 107552K, committed 109120K, reserved 520192K
  class space    used 14521K, committed 15232K, reserved 421888K
}
Event: 145.786 GC heap before
{Heap before GC invocations=55 (full 0):
 garbage-first heap   total 360448K, used 306116K [0x0000000080000000, 0x0000000100000000)
  region size 1024K, 72 young (73728K), 6 survivors (6144K)
 Metaspace       used 108506K, committed 110080K, reserved 520192K
  class space    used 14638K, committed 15360K, reserved 421888K
}
Event: 145.810 GC heap after
{Heap after GC invocations=56 (full 0):
 garbage-first heap   total 360448K, used 241582K [0x0000000080000000, 0x0000000100000000)
  region size 1024K, 6 young (6144K), 6 survivors (6144K)
 Metaspace       used 108506K, committed 110080K, reserved 520192K
  class space    used 14638K, committed 15360K, reserved 421888K
}
Event: 148.461 GC heap before
{Heap before GC invocations=56 (full 0):
 garbage-first heap   total 360448K, used 304046K [0x0000000080000000, 0x0000000100000000)
  region size 1024K, 68 young (69632K), 6 survivors (6144K)
 Metaspace       used 110172K, committed 111872K, reserved 520192K
  class space    used 14840K, committed 15616K, reserved 421888K
}
Event: 148.486 GC heap after
{Heap after GC invocations=57 (full 0):
 garbage-first heap   total 360448K, used 251726K [0x0000000080000000, 0x0000000100000000)
  region size 1024K, 9 young (9216K), 9 survivors (9216K)
 Metaspace       used 110172K, committed 111872K, reserved 520192K
  class space    used 14840K, committed 15616K, reserved 421888K
}

