# JRE version: OpenJDK Runtime Environment Temurin-17.0.6+10 (17.0.6+10) (build 17.0.6+10)
# Java VM: OpenJDK 64-Bit Server VM Temurin-17.0.6+10 (17.0.6+10, mixed mode, sharing, tiered, compressed oops, compressed class ptrs, g1 gc, windows-amd64)
GC Precious Log:
 CPUs: 4 total, 4 available
 Memory: 8089M
 Large Page Support: Disabled
 NUMA Support: Disabled
 Compressed Oops: Enabled (32-bit)
 Heap Region Size: 1M
 Heap Min Capacity: 8M
 Heap Initial Capacity: 128M
 Heap Max Capacity: 2G
 Pre-touch: Disabled
 Parallel Workers: 4
 Concurrent Workers: 1
 Concurrent Refinement Workers: 4
 Periodic GC: Disabled
Heap:
 garbage-first heap   total 104448K, used 61061K [0x0000000080000000, 0x0000000100000000)
  region size 1024K, 8 young (8192K), 2 survivors (2048K)
 Metaspace       used 60820K, committed 61440K, reserved 479232K
  class space    used 8539K, committed 8832K, reserved 421888K
GC Heap History (20 events):
Event: 13.826 GC heap before
{Heap before GC invocations=9 (full 0):
 garbage-first heap   total 78848K, used 55776K [0x0000000080000000, 0x0000000100000000)
  region size 1024K, 27 young (27648K), 2 survivors (2048K)
 Metaspace       used 35651K, committed 36096K, reserved 454656K
  class space    used 4919K, committed 5120K, reserved 421888K
}
Event: 13.832 GC heap after
{Heap after GC invocations=10 (full 0):
 garbage-first heap   total 78848K, used 32779K [0x0000000080000000, 0x0000000100000000)
  region size 1024K, 4 young (4096K), 4 survivors (4096K)
 Metaspace       used 35651K, committed 36096K, reserved 454656K
  class space    used 4919K, committed 5120K, reserved 421888K
}
Event: 14.455 GC heap before
{Heap before GC invocations=11 (full 0):
 garbage-first heap   total 78848K, used 60427K [0x0000000080000000, 0x0000000100000000)
  region size 1024K, 31 young (31744K), 4 survivors (4096K)
 Metaspace       used 38855K, committed 39360K, reserved 462848K
  class space    used 5433K, committed 5632K, reserved 421888K
}
Event: 14.463 GC heap after
{Heap after GC invocations=12 (full 0):
 garbage-first heap   total 78848K, used 34653K [0x0000000080000000, 0x0000000100000000)
  region size 1024K, 4 young (4096K), 4 survivors (4096K)
 Metaspace       used 38855K, committed 39360K, reserved 462848K
  class space    used 5433K, committed 5632K, reserved 421888K
}
Event: 15.023 GC heap before
{Heap before GC invocations=12 (full 0):
 garbage-first heap   total 78848K, used 60253K [0x0000000080000000, 0x0000000100000000)
  region size 1024K, 29 young (29696K), 4 survivors (4096K)
 Metaspace       used 41009K, committed 41536K, reserved 462848K
  class space    used 5727K, committed 5952K, reserved 421888K
}
Event: 15.031 GC heap after
{Heap after GC invocations=13 (full 0):
 garbage-first heap   total 95232K, used 38389K [0x0000000080000000, 0x0000000100000000)
  region size 1024K, 4 young (4096K), 4 survivors (4096K)
 Metaspace       used 41009K, committed 41536K, reserved 462848K
  class space    used 5727K, committed 5952K, reserved 421888K
}
Event: 15.995 GC heap before
{Heap before GC invocations=13 (full 0):
 garbage-first heap   total 95232K, used 77301K [0x0000000080000000, 0x0000000100000000)
  region size 1024K, 39 young (39936K), 4 survivors (4096K)
 Metaspace       used 45966K, committed 46528K, reserved 462848K
  class space    used 6461K, committed 6720K, reserved 421888K
}
Event: 16.004 GC heap after
{Heap after GC invocations=14 (full 0):
 garbage-first heap   total 95232K, used 44591K [0x0000000080000000, 0x0000000100000000)
  region size 1024K, 5 young (5120K), 5 survivors (5120K)
 Metaspace       used 45966K, committed 46528K, reserved 462848K
  class space    used 6461K, committed 6720K, reserved 421888K
}
Event: 16.617 GC heap before
{Heap before GC invocations=14 (full 0):
 garbage-first heap   total 95232K, used 75311K [0x0000000080000000, 0x0000000100000000)
  region size 1024K, 35 young (35840K), 5 survivors (5120K)
 Metaspace       used 49464K, committed 50048K, reserved 471040K
  class space    used 6962K, committed 7232K, reserved 421888K
}
Event: 16.623 GC heap after
{Heap after GC invocations=15 (full 0):
 garbage-first heap   total 95232K, used 46852K [0x0000000080000000, 0x0000000100000000)
  region size 1024K, 2 young (2048K), 2 survivors (2048K)
 Metaspace       used 49464K, committed 50048K, reserved 471040K
  class space    used 6962K, committed 7232K, reserved 421888K
}
Event: 17.006 GC heap before
{Heap before GC invocations=15 (full 0):
 garbage-first heap   total 95232K, used 75524K [0x0000000080000000, 0x0000000100000000)
  region size 1024K, 31 young (31744K), 2 survivors (2048K)
 Metaspace       used 52523K, committed 53120K, reserved 471040K
  class space    used 7327K, committed 7616K, reserved 421888K
}
Event: 17.012 GC heap after
{Heap after GC invocations=16 (full 0):
 garbage-first heap   total 95232K, used 48201K [0x0000000080000000, 0x0000000100000000)
  region size 1024K, 4 young (4096K), 4 survivors (4096K)
 Metaspace       used 52523K, committed 53120K, reserved 471040K
  class space    used 7327K, committed 7616K, reserved 421888K
}
Event: 17.455 GC heap before
{Heap before GC invocations=17 (full 0):
 garbage-first heap   total 95232K, used 74825K [0x0000000080000000, 0x0000000100000000)
  region size 1024K, 31 young (31744K), 4 survivors (4096K)
 Metaspace       used 54628K, committed 55168K, reserved 471040K
  class space    used 7682K, committed 7936K, reserved 421888K
}
Event: 17.462 GC heap after
{Heap after GC invocations=18 (full 0):
 garbage-first heap   total 95232K, used 50172K [0x0000000080000000, 0x0000000100000000)
  region size 1024K, 4 young (4096K), 4 survivors (4096K)
 Metaspace       used 54628K, committed 55168K, reserved 471040K
  class space    used 7682K, committed 7936K, reserved 421888K
}
Event: 18.051 GC heap before
{Heap before GC invocations=18 (full 0):
 garbage-first heap   total 95232K, used 76796K [0x0000000080000000, 0x0000000100000000)
  region size 1024K, 30 young (30720K), 4 survivors (4096K)
 Metaspace       used 56289K, committed 56896K, reserved 471040K
  class space    used 7892K, committed 8192K, reserved 421888K
}
Event: 18.060 GC heap after
{Heap after GC invocations=19 (full 0):
 garbage-first heap   total 95232K, used 52240K [0x0000000080000000, 0x0000000100000000)
  region size 1024K, 3 young (3072K), 3 survivors (3072K)
 Metaspace       used 56289K, committed 56896K, reserved 471040K
  class space    used 7892K, committed 8192K, reserved 421888K
}
Event: 18.508 GC heap before
{Heap before GC invocations=20 (full 0):
 garbage-first heap   total 97280K, used 75792K [0x0000000080000000, 0x0000000100000000)
  region size 1024K, 27 young (27648K), 3 survivors (3072K)
 Metaspace       used 58923K, committed 59584K, reserved 479232K
  class space    used 8266K, committed 8576K, reserved 421888K
}
Event: 18.515 GC heap after
{Heap after GC invocations=21 (full 0):
 garbage-first heap   total 97280K, used 55053K [0x0000000080000000, 0x0000000100000000)
  region size 1024K, 3 young (3072K), 3 survivors (3072K)
 Metaspace       used 58923K, committed 59584K, reserved 479232K
  class space    used 8266K, committed 8576K, reserved 421888K
}
Event: 19.227 GC heap before
{Heap before GC invocations=21 (full 0):
 garbage-first heap   total 97280K, used 77581K [0x0000000080000000, 0x0000000100000000)
  region size 1024K, 26 young (26624K), 3 survivors (3072K)
 Metaspace       used 60743K, committed 61376K, reserved 479232K
  class space    used 8538K, committed 8832K, reserved 421888K
}
Event: 19.234 GC heap after
{Heap after GC invocations=22 (full 0):
 garbage-first heap   total 97280K, used 56965K [0x0000000080000000, 0x0000000100000000)
  region size 1024K, 2 young (2048K), 2 survivors (2048K)
 Metaspace       used 60743K, committed 61376K, reserved 479232K
  class space    used 8538K, committed 8832K, reserved 421888K
}

