# JRE version: OpenJDK Runtime Environment Temurin-17.0.6+10 (17.0.6+10) (build 17.0.6+10)
# Java VM: OpenJDK 64-Bit Server VM Temurin-17.0.6+10 (17.0.6+10, mixed mode, sharing, tiered, compressed oops, compressed class ptrs, g1 gc, windows-amd64)
GC Precious Log:
 CPUs: 4 total, 4 available
 Memory: 8089M
 Large Page Support: Disabled
 NUMA Support: Disabled
 Compressed Oops: Enabled (32-bit)
 Heap Region Size: 1M
 Heap Min Capacity: 8M
 Heap Initial Capacity: 128M
 Heap Max Capacity: 2G
 Pre-touch: Disabled
 Parallel Workers: 4
 Concurrent Workers: 1
 Concurrent Refinement Workers: 4
 Periodic GC: Disabled
Heap:
 garbage-first heap   total 435200K, used 252416K [0x0000000080000000, 0x0000000100000000)
  region size 1024K, 14 young (14336K), 14 survivors (14336K)
 Metaspace       used 114531K, committed 115520K, reserved 528384K
  class space    used 15603K, committed 16064K, reserved 421888K
GC Heap History (20 events):
Event: 21.816 GC heap after
{Heap after GC invocations=40 (full 0):
 garbage-first heap   total 222208K, used 124000K [0x0000000080000000, 0x0000000100000000)
  region size 1024K, 2 young (2048K), 2 survivors (2048K)
 Metaspace       used 91131K, committed 92096K, reserved 503808K
  class space    used 12642K, committed 13120K, reserved 421888K
}
Event: 22.019 GC heap before
{Heap before GC invocations=40 (full 0):
 garbage-first heap   total 222208K, used 132192K [0x0000000080000000, 0x0000000100000000)
  region size 1024K, 10 young (10240K), 2 survivors (2048K)
 Metaspace       used 92878K, committed 93760K, reserved 503808K
  class space    used 12841K, committed 13248K, reserved 421888K
}
Event: 22.028 GC heap after
{Heap after GC invocations=41 (full 0):
 garbage-first heap   total 392192K, used 123500K [0x0000000080000000, 0x0000000100000000)
  region size 1024K, 1 young (1024K), 1 survivors (1024K)
 Metaspace       used 92878K, committed 93760K, reserved 503808K
  class space    used 12841K, committed 13248K, reserved 421888K
}
Event: 23.898 GC heap before
{Heap before GC invocations=41 (full 0):
 garbage-first heap   total 392192K, used 259692K [0x0000000080000000, 0x0000000100000000)
  region size 1024K, 134 young (137216K), 1 survivors (1024K)
 Metaspace       used 97821K, committed 98688K, reserved 512000K
  class space    used 13418K, committed 13888K, reserved 421888K
}
Event: 23.921 GC heap after
{Heap after GC invocations=42 (full 0):
 garbage-first heap   total 392192K, used 137401K [0x0000000080000000, 0x0000000100000000)
  region size 1024K, 15 young (15360K), 15 survivors (15360K)
 Metaspace       used 97821K, committed 98688K, reserved 512000K
  class space    used 13418K, committed 13888K, reserved 421888K
}
Event: 25.709 GC heap before
{Heap before GC invocations=42 (full 0):
 garbage-first heap   total 392192K, used 283833K [0x0000000080000000, 0x0000000100000000)
  region size 1024K, 155 young (158720K), 15 survivors (15360K)
 Metaspace       used 100762K, committed 101760K, reserved 512000K
  class space    used 13685K, committed 14208K, reserved 421888K
}
Event: 25.736 GC heap after
{Heap after GC invocations=43 (full 0):
 garbage-first heap   total 392192K, used 149504K [0x0000000080000000, 0x0000000100000000)
  region size 1024K, 12 young (12288K), 12 survivors (12288K)
 Metaspace       used 100762K, committed 101760K, reserved 512000K
  class space    used 13685K, committed 14208K, reserved 421888K
}
Event: 27.332 GC heap before
{Heap before GC invocations=43 (full 0):
 garbage-first heap   total 392192K, used 314368K [0x0000000080000000, 0x0000000100000000)
  region size 1024K, 154 young (157696K), 12 survivors (12288K)
 Metaspace       used 102799K, committed 103808K, reserved 512000K
  class space    used 13929K, committed 14464K, reserved 421888K
}
Event: 27.358 GC heap after
{Heap after GC invocations=44 (full 0):
 garbage-first heap   total 392192K, used 165376K [0x0000000080000000, 0x0000000100000000)
  region size 1024K, 15 young (15360K), 15 survivors (15360K)
 Metaspace       used 102799K, committed 103808K, reserved 512000K
  class space    used 13929K, committed 14464K, reserved 421888K
}
Event: 28.778 GC heap before
{Heap before GC invocations=44 (full 0):
 garbage-first heap   total 392192K, used 313856K [0x0000000080000000, 0x0000000100000000)
  region size 1024K, 147 young (150528K), 15 survivors (15360K)
 Metaspace       used 105236K, committed 106240K, reserved 520192K
  class space    used 14254K, committed 14720K, reserved 421888K
}
Event: 28.805 GC heap after
{Heap after GC invocations=45 (full 0):
 garbage-first heap   total 392192K, used 183296K [0x0000000080000000, 0x0000000100000000)
  region size 1024K, 16 young (16384K), 16 survivors (16384K)
 Metaspace       used 105236K, committed 106240K, reserved 520192K
  class space    used 14254K, committed 14720K, reserved 421888K
}
Event: 29.613 GC heap before
{Heap before GC invocations=45 (full 0):
 garbage-first heap   total 392192K, used 308224K [0x0000000080000000, 0x0000000100000000)
  region size 1024K, 137 young (140288K), 16 survivors (16384K)
 Metaspace       used 108916K, committed 109888K, reserved 520192K
  class space    used 14740K, committed 15232K, reserved 421888K
}
Event: 29.643 GC heap after
{Heap after GC invocations=46 (full 0):
 garbage-first heap   total 392192K, used 206336K [0x0000000080000000, 0x0000000100000000)
  region size 1024K, 18 young (18432K), 18 survivors (18432K)
 Metaspace       used 108916K, committed 109888K, reserved 520192K
  class space    used 14740K, committed 15232K, reserved 421888K
}
Event: 30.179 GC heap before
{Heap before GC invocations=46 (full 0):
 garbage-first heap   total 392192K, used 308736K [0x0000000080000000, 0x0000000100000000)
  region size 1024K, 118 young (120832K), 18 survivors (18432K)
 Metaspace       used 110180K, committed 111104K, reserved 520192K
  class space    used 14908K, committed 15360K, reserved 421888K
}
Event: 30.222 GC heap after
{Heap after GC invocations=47 (full 0):
 garbage-first heap   total 392192K, used 218112K [0x0000000080000000, 0x0000000100000000)
  region size 1024K, 15 young (15360K), 15 survivors (15360K)
 Metaspace       used 110180K, committed 111104K, reserved 520192K
  class space    used 14908K, committed 15360K, reserved 421888K
}
Event: 31.123 GC heap before
{Heap before GC invocations=48 (full 0):
 garbage-first heap   total 435200K, used 310272K [0x0000000080000000, 0x0000000100000000)
  region size 1024K, 104 young (106496K), 15 survivors (15360K)
 Metaspace       used 112152K, committed 113152K, reserved 520192K
  class space    used 15191K, committed 15680K, reserved 421888K
}
Event: 31.158 GC heap after
{Heap after GC invocations=49 (full 0):
 garbage-first heap   total 435200K, used 232448K [0x0000000080000000, 0x0000000100000000)
  region size 1024K, 13 young (13312K), 13 survivors (13312K)
 Metaspace       used 112152K, committed 113152K, reserved 520192K
  class space    used 15191K, committed 15680K, reserved 421888K
}
Event: 31.182 GC heap before
{Heap before GC invocations=49 (full 0):
 garbage-first heap   total 435200K, used 240640K [0x0000000080000000, 0x0000000100000000)
  region size 1024K, 21 young (21504K), 13 survivors (13312K)
 Metaspace       used 112246K, committed 113280K, reserved 520192K
  class space    used 15203K, committed 15680K, reserved 421888K
}
Event: 31.214 GC heap after
{Heap after GC invocations=50 (full 0):
 garbage-first heap   total 435200K, used 232448K [0x0000000080000000, 0x0000000100000000)
  region size 1024K, 2 young (2048K), 2 survivors (2048K)
 Metaspace       used 112246K, committed 113280K, reserved 520192K
  class space    used 15203K, committed 15680K, reserved 421888K
}
Event: 32.058 GC heap before
{Heap before GC invocations=50 (full 0):
 garbage-first heap   total 435200K, used 344064K [0x0000000080000000, 0x0000000100000000)
  region size 1024K, 112 young (114688K), 2 survivors (2048K)
 Metaspace       used 114531K, committed 115520K, reserved 528384K
  class space    used 15603K, committed 16064K, reserved 421888K
}

