# JRE version: OpenJDK Runtime Environment Temurin-17.0.6+10 (17.0.6+10) (build 17.0.6+10)
# Java VM: OpenJDK 64-Bit Server VM Temurin-17.0.6+10 (17.0.6+10, mixed mode, sharing, tiered, compressed oops, compressed class ptrs, g1 gc, windows-amd64)
GC Precious Log:
 CPUs: 4 total, 4 available
 Memory: 8089M
 Large Page Support: Disabled
 NUMA Support: Disabled
 Compressed Oops: Enabled (32-bit)
 Heap Region Size: 1M
 Heap Min Capacity: 8M
 Heap Initial Capacity: 128M
 Heap Max Capacity: 2024M
 Pre-touch: Disabled
 Parallel Workers: 4
 Concurrent Workers: 1
 Concurrent Refinement Workers: 4
 Periodic GC: Disabled
Heap:
 garbage-first heap   total 119808K, used 79656K [0x0000000081800000, 0x0000000100000000)
  region size 1024K, 23 young (23552K), 1 survivors (1024K)
 Metaspace       used 70797K, committed 71104K, reserved 1114112K
  class space    used 7736K, committed 7872K, reserved 1048576K
GC Heap History (20 events):
Event: 47.827 GC heap before
{Heap before GC invocations=26 (full 0):
 garbage-first heap   total 78848K, used 61615K [0x0000000081800000, 0x0000000100000000)
  region size 1024K, 18 young (18432K), 2 survivors (2048K)
 Metaspace       used 50532K, committed 50816K, reserved 1097728K
  class space    used 5810K, committed 5952K, reserved 1048576K
}
Event: 47.840 GC heap after
{Heap after GC invocations=27 (full 0):
 garbage-first heap   total 78848K, used 46998K [0x0000000081800000, 0x0000000100000000)
  region size 1024K, 3 young (3072K), 3 survivors (3072K)
 Metaspace       used 50532K, committed 50816K, reserved 1097728K
  class space    used 5810K, committed 5952K, reserved 1048576K
}
Event: 50.818 GC heap before
{Heap before GC invocations=28 (full 0):
 garbage-first heap   total 80896K, used 62358K [0x0000000081800000, 0x0000000100000000)
  region size 1024K, 19 young (19456K), 3 survivors (3072K)
 Metaspace       used 51950K, committed 52288K, reserved 1097728K
  class space    used 5922K, committed 6080K, reserved 1048576K
}
Event: 50.831 GC heap after
{Heap after GC invocations=29 (full 0):
 garbage-first heap   total 80896K, used 48444K [0x0000000081800000, 0x0000000100000000)
  region size 1024K, 3 young (3072K), 3 survivors (3072K)
 Metaspace       used 51950K, committed 52288K, reserved 1097728K
  class space    used 5922K, committed 6080K, reserved 1048576K
}
Event: 52.432 GC heap before
{Heap before GC invocations=29 (full 0):
 garbage-first heap   total 80896K, used 63804K [0x0000000081800000, 0x0000000100000000)
  region size 1024K, 19 young (19456K), 3 survivors (3072K)
 Metaspace       used 54473K, committed 54784K, reserved 1097728K
  class space    used 6176K, committed 6336K, reserved 1048576K
}
Event: 52.444 GC heap after
{Heap after GC invocations=30 (full 0):
 garbage-first heap   total 80896K, used 49606K [0x0000000081800000, 0x0000000100000000)
  region size 1024K, 3 young (3072K), 3 survivors (3072K)
 Metaspace       used 54473K, committed 54784K, reserved 1097728K
  class space    used 6176K, committed 6336K, reserved 1048576K
}
Event: 54.381 GC heap before
{Heap before GC invocations=31 (full 0):
 garbage-first heap   total 86016K, used 63942K [0x0000000081800000, 0x0000000100000000)
  region size 1024K, 18 young (18432K), 3 survivors (3072K)
 Metaspace       used 57459K, committed 57728K, reserved 1105920K
  class space    used 6461K, committed 6592K, reserved 1048576K
}
Event: 54.392 GC heap after
{Heap after GC invocations=32 (full 0):
 garbage-first heap   total 86016K, used 51101K [0x0000000081800000, 0x0000000100000000)
  region size 1024K, 3 young (3072K), 3 survivors (3072K)
 Metaspace       used 57459K, committed 57728K, reserved 1105920K
  class space    used 6461K, committed 6592K, reserved 1048576K
}
Event: 56.919 GC heap before
{Heap before GC invocations=32 (full 0):
 garbage-first heap   total 86016K, used 69533K [0x0000000081800000, 0x0000000100000000)
  region size 1024K, 21 young (21504K), 3 survivors (3072K)
 Metaspace       used 59898K, committed 60160K, reserved 1105920K
  class space    used 6731K, committed 6848K, reserved 1048576K
}
Event: 56.933 GC heap after
{Heap after GC invocations=33 (full 0):
 garbage-first heap   total 86016K, used 54089K [0x0000000081800000, 0x0000000100000000)
  region size 1024K, 3 young (3072K), 3 survivors (3072K)
 Metaspace       used 59898K, committed 60160K, reserved 1105920K
  class space    used 6731K, committed 6848K, reserved 1048576K
}
Event: 58.681 GC heap before
{Heap before GC invocations=34 (full 0):
 garbage-first heap   total 94208K, used 68425K [0x0000000081800000, 0x0000000100000000)
  region size 1024K, 18 young (18432K), 3 survivors (3072K)
 Metaspace       used 63903K, committed 64192K, reserved 1105920K
  class space    used 7195K, committed 7360K, reserved 1048576K
}
Event: 58.692 GC heap after
{Heap after GC invocations=35 (full 0):
 garbage-first heap   total 94208K, used 55131K [0x0000000081800000, 0x0000000100000000)
  region size 1024K, 1 young (1024K), 1 survivors (1024K)
 Metaspace       used 63903K, committed 64192K, reserved 1105920K
  class space    used 7195K, committed 7360K, reserved 1048576K
}
Event: 58.870 GC heap before
{Heap before GC invocations=35 (full 0):
 garbage-first heap   total 94208K, used 58203K [0x0000000081800000, 0x0000000100000000)
  region size 1024K, 4 young (4096K), 1 survivors (1024K)
 Metaspace       used 64238K, committed 64512K, reserved 1114112K
  class space    used 7234K, committed 7360K, reserved 1048576K
}
Event: 58.876 GC heap after
{Heap after GC invocations=36 (full 0):
 garbage-first heap   total 94208K, used 55090K [0x0000000081800000, 0x0000000100000000)
  region size 1024K, 1 young (1024K), 1 survivors (1024K)
 Metaspace       used 64238K, committed 64512K, reserved 1114112K
  class space    used 7234K, committed 7360K, reserved 1048576K
}
Event: 60.591 GC heap before
{Heap before GC invocations=36 (full 0):
 garbage-first heap   total 94208K, used 75570K [0x0000000081800000, 0x0000000100000000)
  region size 1024K, 21 young (21504K), 1 survivors (1024K)
 Metaspace       used 65490K, committed 65792K, reserved 1114112K
  class space    used 7303K, committed 7424K, reserved 1048576K
}
Event: 60.606 GC heap after
{Heap after GC invocations=37 (full 0):
 garbage-first heap   total 94208K, used 57416K [0x0000000081800000, 0x0000000100000000)
  region size 1024K, 3 young (3072K), 3 survivors (3072K)
 Metaspace       used 65490K, committed 65792K, reserved 1114112K
  class space    used 7303K, committed 7424K, reserved 1048576K
}
Event: 62.549 GC heap before
{Heap before GC invocations=38 (full 0):
 garbage-first heap   total 99328K, used 75848K [0x0000000081800000, 0x0000000100000000)
  region size 1024K, 21 young (21504K), 3 survivors (3072K)
 Metaspace       used 68252K, committed 68608K, reserved 1114112K
  class space    used 7541K, committed 7680K, reserved 1048576K
}
Event: 62.560 GC heap after
{Heap after GC invocations=39 (full 0):
 garbage-first heap   total 119808K, used 58560K [0x0000000081800000, 0x0000000100000000)
  region size 1024K, 2 young (2048K), 2 survivors (2048K)
 Metaspace       used 68252K, committed 68608K, reserved 1114112K
  class space    used 7541K, committed 7680K, reserved 1048576K
}
Event: 63.116 GC heap before
{Heap before GC invocations=39 (full 0):
 garbage-first heap   total 119808K, used 61632K [0x0000000081800000, 0x0000000100000000)
  region size 1024K, 5 young (5120K), 2 survivors (2048K)
 Metaspace       used 69078K, committed 69376K, reserved 1114112K
  class space    used 7617K, committed 7744K, reserved 1048576K
}
Event: 63.123 GC heap after
{Heap after GC invocations=40 (full 0):
 garbage-first heap   total 119808K, used 58152K [0x0000000081800000, 0x0000000100000000)
  region size 1024K, 1 young (1024K), 1 survivors (1024K)
 Metaspace       used 69078K, committed 69376K, reserved 1114112K
  class space    used 7617K, committed 7744K, reserved 1048576K
}

