# JRE version: OpenJDK Runtime Environment (11.0.15) (build 11.0.15+0-b2043.56-9505619)
# Java VM: OpenJDK 64-Bit Server VM (11.0.15+0-b2043.56-9505619, mixed mode, tiered, compressed oops, g1 gc, windows-amd64)
Heap:
 garbage-first heap   total 444416K, used 372453K [0x0000000080000000, 0x0000000100000000)
  region size 1024K, 47 young (48128K), 5 survivors (5120K)
 Metaspace       used 162480K, capacity 169760K, committed 170044K, reserved 663552K
  class space    used 20689K, capacity 23402K, committed 23500K, reserved 516096K
GC Heap History (20 events):
Event: 95.977 GC heap before
{Heap before GC invocations=118 (full 0):
 garbage-first heap   total 444416K, used 390341K [0x0000000080000000, 0x0000000100000000)
  region size 1024K, 55 young (56320K), 6 survivors (6144K)
 Metaspace       used 147240K, capacity 153528K, committed 153788K, reserved 649216K
  class space    used 18558K, capacity 20802K, committed 20812K, reserved 516096K
}
Event: 95.994 GC heap after
{Heap after GC invocations=119 (full 0):
 garbage-first heap   total 444416K, used 338295K [0x0000000080000000, 0x0000000100000000)
  region size 1024K, 4 young (4096K), 4 survivors (4096K)
 Metaspace       used 147240K, capacity 153528K, committed 153788K, reserved 649216K
  class space    used 18558K, capacity 20802K, committed 20812K, reserved 516096K
}
Event: 96.723 GC heap before
{Heap before GC invocations=120 (full 0):
 garbage-first heap   total 444416K, used 386423K [0x0000000080000000, 0x0000000100000000)
  region size 1024K, 52 young (53248K), 4 survivors (4096K)
 Metaspace       used 148022K, capacity 154287K, committed 154556K, reserved 651264K
  class space    used 18677K, capacity 20943K, committed 21068K, reserved 516096K
}
Event: 96.741 GC heap after
{Heap after GC invocations=121 (full 0):
 garbage-first heap   total 444416K, used 338395K [0x0000000080000000, 0x0000000100000000)
  region size 1024K, 6 young (6144K), 6 survivors (6144K)
 Metaspace       used 148022K, capacity 154287K, committed 154556K, reserved 651264K
  class space    used 18677K, capacity 20943K, committed 21068K, reserved 516096K
}
Event: 96.981 GC heap before
{Heap before GC invocations=121 (full 0):
 garbage-first heap   total 444416K, used 352731K [0x0000000080000000, 0x0000000100000000)
  region size 1024K, 21 young (21504K), 6 survivors (6144K)
 Metaspace       used 149929K, capacity 156267K, committed 156348K, reserved 651264K
  class space    used 18939K, capacity 21246K, committed 21324K, reserved 516096K
}
Event: 96.999 GC heap after
{Heap after GC invocations=122 (full 0):
 garbage-first heap   total 444416K, used 316566K [0x0000000080000000, 0x0000000100000000)
  region size 1024K, 3 young (3072K), 3 survivors (3072K)
 Metaspace       used 149929K, capacity 156267K, committed 156348K, reserved 651264K
  class space    used 18939K, capacity 21246K, committed 21324K, reserved 516096K
}
Event: 97.675 GC heap before
{Heap before GC invocations=122 (full 0):
 garbage-first heap   total 444416K, used 379030K [0x0000000080000000, 0x0000000100000000)
  region size 1024K, 65 young (66560K), 3 survivors (3072K)
 Metaspace       used 157024K, capacity 163978K, committed 164156K, reserved 659456K
  class space    used 20088K, capacity 22689K, committed 22732K, reserved 516096K
}
Event: 97.690 GC heap after
{Heap after GC invocations=123 (full 0):
 garbage-first heap   total 444416K, used 321956K [0x0000000080000000, 0x0000000100000000)
  region size 1024K, 8 young (8192K), 8 survivors (8192K)
 Metaspace       used 157024K, capacity 163978K, committed 164156K, reserved 659456K
  class space    used 20088K, capacity 22689K, committed 22732K, reserved 516096K
}
Event: 98.357 GC heap before
{Heap before GC invocations=123 (full 0):
 garbage-first heap   total 444416K, used 381348K [0x0000000080000000, 0x0000000100000000)
  region size 1024K, 67 young (68608K), 8 survivors (8192K)
 Metaspace       used 159755K, capacity 166835K, committed 167100K, reserved 661504K
  class space    used 20434K, capacity 23092K, committed 23116K, reserved 516096K
}
Event: 98.368 GC heap after
{Heap after GC invocations=124 (full 0):
 garbage-first heap   total 444416K, used 322926K [0x0000000080000000, 0x0000000100000000)
  region size 1024K, 2 young (2048K), 2 survivors (2048K)
 Metaspace       used 159755K, capacity 166835K, committed 167100K, reserved 661504K
  class space    used 20434K, capacity 23092K, committed 23116K, reserved 516096K
}
Event: 98.831 GC heap before
{Heap before GC invocations=124 (full 0):
 garbage-first heap   total 444416K, used 384366K [0x0000000080000000, 0x0000000100000000)
  region size 1024K, 62 young (63488K), 2 survivors (2048K)
 Metaspace       used 161397K, capacity 168604K, committed 168892K, reserved 663552K
  class space    used 20631K, capacity 23336K, committed 23372K, reserved 516096K
}
Event: 98.837 GC heap after
{Heap after GC invocations=125 (full 0):
 garbage-first heap   total 444416K, used 322305K [0x0000000080000000, 0x0000000100000000)
  region size 1024K, 1 young (1024K), 1 survivors (1024K)
 Metaspace       used 161397K, capacity 168604K, committed 168892K, reserved 663552K
  class space    used 20631K, capacity 23336K, committed 23372K, reserved 516096K
}
Event: 99.187 GC heap before
{Heap before GC invocations=125 (full 0):
 garbage-first heap   total 444416K, used 386817K [0x0000000080000000, 0x0000000100000000)
  region size 1024K, 64 young (65536K), 1 survivors (1024K)
 Metaspace       used 161582K, capacity 168741K, committed 168892K, reserved 663552K
  class space    used 20637K, capacity 23337K, committed 23372K, reserved 516096K
}
Event: 99.193 GC heap after
{Heap after GC invocations=126 (full 0):
 garbage-first heap   total 444416K, used 323711K [0x0000000080000000, 0x0000000100000000)
  region size 1024K, 3 young (3072K), 3 survivors (3072K)
 Metaspace       used 161582K, capacity 168741K, committed 168892K, reserved 663552K
  class space    used 20637K, capacity 23337K, committed 23372K, reserved 516096K
}
Event: 99.487 GC heap before
{Heap before GC invocations=126 (full 0):
 garbage-first heap   total 444416K, used 387199K [0x0000000080000000, 0x0000000100000000)
  region size 1024K, 65 young (66560K), 3 survivors (3072K)
 Metaspace       used 161637K, capacity 168871K, committed 169020K, reserved 663552K
  class space    used 20652K, capacity 23381K, committed 23500K, reserved 516096K
}
Event: 99.492 GC heap after
{Heap after GC invocations=127 (full 0):
 garbage-first heap   total 444416K, used 323834K [0x0000000080000000, 0x0000000100000000)
  region size 1024K, 3 young (3072K), 3 survivors (3072K)
 Metaspace       used 161637K, capacity 168871K, committed 169020K, reserved 663552K
  class space    used 20652K, capacity 23381K, committed 23500K, reserved 516096K
}
Event: 99.875 GC heap before
{Heap before GC invocations=127 (full 0):
 garbage-first heap   total 444416K, used 387322K [0x0000000080000000, 0x0000000100000000)
  region size 1024K, 66 young (67584K), 3 survivors (3072K)
 Metaspace       used 162121K, capacity 169379K, committed 169532K, reserved 663552K
  class space    used 20665K, capacity 23387K, committed 23500K, reserved 516096K
}
Event: 99.887 GC heap after
{Heap after GC invocations=128 (full 0):
 garbage-first heap   total 444416K, used 327419K [0x0000000080000000, 0x0000000100000000)
  region size 1024K, 6 young (6144K), 6 survivors (6144K)
 Metaspace       used 162121K, capacity 169379K, committed 169532K, reserved 663552K
  class space    used 20665K, capacity 23387K, committed 23500K, reserved 516096K
}
Event: 100.147 GC heap before
{Heap before GC invocations=128 (full 0):
 garbage-first heap   total 444416K, used 387835K [0x0000000080000000, 0x0000000100000000)
  region size 1024K, 66 young (67584K), 6 survivors (6144K)
 Metaspace       used 162291K, capacity 169528K, committed 169788K, reserved 663552K
  class space    used 20667K, capacity 23389K, committed 23500K, reserved 516096K
}
Event: 100.159 GC heap after
{Heap after GC invocations=129 (full 0):
 garbage-first heap   total 444416K, used 330469K [0x0000000080000000, 0x0000000100000000)
  region size 1024K, 5 young (5120K), 5 survivors (5120K)
 Metaspace       used 162291K, capacity 169528K, committed 169788K, reserved 663552K
  class space    used 20667K, capacity 23389K, committed 23500K, reserved 516096K
}

