# JRE version: OpenJDK Runtime Environment (11.0.15) (build 11.0.15+0-b2043.56-9505619)
# Java VM: OpenJDK 64-Bit Server VM (11.0.15+0-b2043.56-9505619, mixed mode, tiered, compressed oops, g1 gc, windows-amd64)
Heap:
 garbage-first heap   total 479232K, used 367769K [0x0000000080000000, 0x0000000100000000)
  region size 1024K, 84 young (86016K), 7 survivors (7168K)
 Metaspace       used 146669K, capacity 153433K, committed 153604K, reserved 649216K
  class space    used 18857K, capacity 21305K, committed 21400K, reserved 516096K
GC Heap History (20 events):
Event: 112.848 GC heap before
{Heap before GC invocations=95 (full 0):
 garbage-first heap   total 479232K, used 393470K [0x0000000080000000, 0x0000000100000000)
  region size 1024K, 121 young (123904K), 5 survivors (5120K)
 Metaspace       used 146387K, capacity 153128K, committed 153348K, reserved 649216K
  class space    used 18833K, capacity 21276K, committed 21400K, reserved 516096K
}
Event: 112.868 GC heap after
{Heap after GC invocations=96 (full 0):
 garbage-first heap   total 479232K, used 275959K [0x0000000080000000, 0x0000000100000000)
  region size 1024K, 6 young (6144K), 6 survivors (6144K)
 Metaspace       used 146387K, capacity 153128K, committed 153348K, reserved 649216K
  class space    used 18833K, capacity 21276K, committed 21400K, reserved 516096K
}
Event: 115.977 GC heap before
{Heap before GC invocations=97 (full 0):
 garbage-first heap   total 479232K, used 408055K [0x0000000080000000, 0x0000000100000000)
  region size 1024K, 134 young (137216K), 6 survivors (6144K)
 Metaspace       used 146406K, capacity 153129K, committed 153348K, reserved 649216K
  class space    used 18833K, capacity 21276K, committed 21400K, reserved 516096K
}
Event: 115.987 GC heap after
{Heap after GC invocations=98 (full 0):
 garbage-first heap   total 479232K, used 276419K [0x0000000080000000, 0x0000000100000000)
  region size 1024K, 6 young (6144K), 6 survivors (6144K)
 Metaspace       used 146406K, capacity 153129K, committed 153348K, reserved 649216K
  class space    used 18833K, capacity 21276K, committed 21400K, reserved 516096K
}
Event: 118.971 GC heap before
{Heap before GC invocations=98 (full 0):
 garbage-first heap   total 479232K, used 407491K [0x0000000080000000, 0x0000000100000000)
  region size 1024K, 134 young (137216K), 6 survivors (6144K)
 Metaspace       used 146415K, capacity 153130K, committed 153348K, reserved 649216K
  class space    used 18833K, capacity 21276K, committed 21400K, reserved 516096K
}
Event: 118.990 GC heap after
{Heap after GC invocations=99 (full 0):
 garbage-first heap   total 479232K, used 274940K [0x0000000080000000, 0x0000000100000000)
  region size 1024K, 5 young (5120K), 5 survivors (5120K)
 Metaspace       used 146415K, capacity 153130K, committed 153348K, reserved 649216K
  class space    used 18833K, capacity 21276K, committed 21400K, reserved 516096K
}
Event: 122.710 GC heap before
{Heap before GC invocations=100 (full 0):
 garbage-first heap   total 479232K, used 411132K [0x0000000080000000, 0x0000000100000000)
  region size 1024K, 137 young (140288K), 5 survivors (5120K)
 Metaspace       used 146491K, capacity 153237K, committed 153604K, reserved 649216K
  class space    used 18839K, capacity 21285K, committed 21400K, reserved 516096K
}
Event: 122.720 GC heap after
{Heap after GC invocations=101 (full 0):
 garbage-first heap   total 479232K, used 274070K [0x0000000080000000, 0x0000000100000000)
  region size 1024K, 4 young (4096K), 4 survivors (4096K)
 Metaspace       used 146491K, capacity 153237K, committed 153604K, reserved 649216K
  class space    used 18839K, capacity 21285K, committed 21400K, reserved 516096K
}
Event: 125.808 GC heap before
{Heap before GC invocations=101 (full 0):
 garbage-first heap   total 479232K, used 411286K [0x0000000080000000, 0x0000000100000000)
  region size 1024K, 138 young (141312K), 4 survivors (4096K)
 Metaspace       used 146540K, capacity 153246K, committed 153604K, reserved 649216K
  class space    used 18839K, capacity 21286K, committed 21400K, reserved 516096K
}
Event: 125.868 GC heap after
{Heap after GC invocations=102 (full 0):
 garbage-first heap   total 479232K, used 286115K [0x0000000080000000, 0x0000000100000000)
  region size 1024K, 16 young (16384K), 16 survivors (16384K)
 Metaspace       used 146540K, capacity 153246K, committed 153604K, reserved 649216K
  class space    used 18839K, capacity 21286K, committed 21400K, reserved 516096K
}
Event: 127.777 GC heap before
{Heap before GC invocations=103 (full 0):
 garbage-first heap   total 479232K, used 406947K [0x0000000080000000, 0x0000000100000000)
  region size 1024K, 134 young (137216K), 16 survivors (16384K)
 Metaspace       used 146627K, capacity 153350K, committed 153604K, reserved 649216K
  class space    used 18854K, capacity 21299K, committed 21400K, reserved 516096K
}
Event: 127.870 GC heap after
{Heap after GC invocations=104 (full 0):
 garbage-first heap   total 479232K, used 289264K [0x0000000080000000, 0x0000000100000000)
  region size 1024K, 6 young (6144K), 6 survivors (6144K)
 Metaspace       used 146627K, capacity 153350K, committed 153604K, reserved 649216K
  class space    used 18854K, capacity 21299K, committed 21400K, reserved 516096K
}
Event: 129.006 GC heap before
{Heap before GC invocations=104 (full 0):
 garbage-first heap   total 479232K, used 409072K [0x0000000080000000, 0x0000000100000000)
  region size 1024K, 123 young (125952K), 6 survivors (6144K)
 Metaspace       used 146643K, capacity 153358K, committed 153604K, reserved 649216K
  class space    used 18856K, capacity 21302K, committed 21400K, reserved 516096K
}
Event: 129.016 GC heap after
{Heap after GC invocations=105 (full 0):
 garbage-first heap   total 479232K, used 289621K [0x0000000080000000, 0x0000000100000000)
  region size 1024K, 7 young (7168K), 7 survivors (7168K)
 Metaspace       used 146643K, capacity 153358K, committed 153604K, reserved 649216K
  class space    used 18856K, capacity 21302K, committed 21400K, reserved 516096K
}
Event: 130.571 GC heap before
{Heap before GC invocations=106 (full 0):
 garbage-first heap   total 479232K, used 410453K [0x0000000080000000, 0x0000000100000000)
  region size 1024K, 125 young (128000K), 7 survivors (7168K)
 Metaspace       used 146648K, capacity 153359K, committed 153604K, reserved 649216K
  class space    used 18856K, capacity 21302K, committed 21400K, reserved 516096K
}
Event: 130.585 GC heap after
{Heap after GC invocations=107 (full 0):
 garbage-first heap   total 479232K, used 289875K [0x0000000080000000, 0x0000000100000000)
  region size 1024K, 7 young (7168K), 7 survivors (7168K)
 Metaspace       used 146648K, capacity 153359K, committed 153604K, reserved 649216K
  class space    used 18856K, capacity 21302K, committed 21400K, reserved 516096K
}
Event: 131.647 GC heap before
{Heap before GC invocations=107 (full 0):
 garbage-first heap   total 479232K, used 413779K [0x0000000080000000, 0x0000000100000000)
  region size 1024K, 128 young (131072K), 7 survivors (7168K)
 Metaspace       used 146654K, capacity 153360K, committed 153604K, reserved 649216K
  class space    used 18856K, capacity 21302K, committed 21400K, reserved 516096K
}
Event: 131.657 GC heap after
{Heap after GC invocations=108 (full 0):
 garbage-first heap   total 479232K, used 290595K [0x0000000080000000, 0x0000000100000000)
  region size 1024K, 8 young (8192K), 8 survivors (8192K)
 Metaspace       used 146654K, capacity 153360K, committed 153604K, reserved 649216K
  class space    used 18856K, capacity 21302K, committed 21400K, reserved 516096K
}
Event: 133.204 GC heap before
{Heap before GC invocations=109 (full 0):
 garbage-first heap   total 479232K, used 415523K [0x0000000080000000, 0x0000000100000000)
  region size 1024K, 130 young (133120K), 8 survivors (8192K)
 Metaspace       used 146665K, capacity 153368K, committed 153604K, reserved 649216K
  class space    used 18857K, capacity 21305K, committed 21400K, reserved 516096K
}
Event: 133.215 GC heap after
{Heap after GC invocations=110 (full 0):
 garbage-first heap   total 479232K, used 289945K [0x0000000080000000, 0x0000000100000000)
  region size 1024K, 7 young (7168K), 7 survivors (7168K)
 Metaspace       used 146665K, capacity 153368K, committed 153604K, reserved 649216K
  class space    used 18857K, capacity 21305K, committed 21400K, reserved 516096K
}

