# JRE version: OpenJDK Runtime Environment Temurin-17.0.6+10 (17.0.6+10) (build 17.0.6+10)
# Java VM: OpenJDK 64-Bit Server VM Temurin-17.0.6+10 (17.0.6+10, mixed mode, sharing, tiered, compressed oops, compressed class ptrs, g1 gc, windows-amd64)
GC Precious Log:
 CPUs: 4 total, 4 available
 Memory: 8089M
 Large Page Support: Disabled
 NUMA Support: Disabled
 Compressed Oops: Enabled (32-bit)
 Heap Region Size: 1M
 Heap Min Capacity: 8M
 Heap Initial Capacity: 128M
 Heap Max Capacity: 2G
 Pre-touch: Disabled
 Parallel Workers: 4
 Concurrent Workers: 1
 Concurrent Refinement Workers: 4
 Periodic GC: Disabled
Heap:
 garbage-first heap   total 281600K, used 198388K [0x0000000080000000, 0x0000000100000000)
  region size 1024K, 4 young (4096K), 4 survivors (4096K)
 Metaspace       used 105900K, committed 107264K, reserved 520192K
  class space    used 14341K, committed 14976K, reserved 421888K
GC Heap History (20 events):
Event: 43.626 GC heap after
{Heap after GC invocations=48 (full 0):
 garbage-first heap   total 281600K, used 137618K [0x0000000080000000, 0x0000000100000000)
  region size 1024K, 6 young (6144K), 6 survivors (6144K)
 Metaspace       used 90512K, committed 91584K, reserved 503808K
  class space    used 12495K, committed 12992K, reserved 421888K
}
Event: 45.185 GC heap before
{Heap before GC invocations=49 (full 0):
 garbage-first heap   total 281600K, used 219538K [0x0000000080000000, 0x0000000100000000)
  region size 1024K, 86 young (88064K), 6 survivors (6144K)
 Metaspace       used 97952K, committed 99136K, reserved 512000K
  class space    used 13526K, committed 14080K, reserved 421888K
}
Event: 45.201 GC heap after
{Heap after GC invocations=50 (full 0):
 garbage-first heap   total 281600K, used 146728K [0x0000000080000000, 0x0000000100000000)
  region size 1024K, 11 young (11264K), 11 survivors (11264K)
 Metaspace       used 97952K, committed 99136K, reserved 512000K
  class space    used 13526K, committed 14080K, reserved 421888K
}
Event: 45.221 GC heap before
{Heap before GC invocations=50 (full 0):
 garbage-first heap   total 281600K, used 148776K [0x0000000080000000, 0x0000000100000000)
  region size 1024K, 13 young (13312K), 11 survivors (11264K)
 Metaspace       used 98044K, committed 99200K, reserved 512000K
  class space    used 13540K, committed 14080K, reserved 421888K
}
Event: 45.243 GC heap after
{Heap after GC invocations=51 (full 0):
 garbage-first heap   total 281600K, used 146949K [0x0000000080000000, 0x0000000100000000)
  region size 1024K, 2 young (2048K), 2 survivors (2048K)
 Metaspace       used 98044K, committed 99200K, reserved 512000K
  class space    used 13540K, committed 14080K, reserved 421888K
}
Event: 46.336 GC heap before
{Heap before GC invocations=51 (full 0):
 garbage-first heap   total 281600K, used 221701K [0x0000000080000000, 0x0000000100000000)
  region size 1024K, 75 young (76800K), 2 survivors (2048K)
 Metaspace       used 99219K, committed 100416K, reserved 512000K
  class space    used 13663K, committed 14208K, reserved 421888K
}
Event: 46.359 GC heap after
{Heap after GC invocations=52 (full 0):
 garbage-first heap   total 281600K, used 159028K [0x0000000080000000, 0x0000000100000000)
  region size 1024K, 10 young (10240K), 10 survivors (10240K)
 Metaspace       used 99219K, committed 100416K, reserved 512000K
  class space    used 13663K, committed 14208K, reserved 421888K
}
Event: 47.034 GC heap before
{Heap before GC invocations=52 (full 0):
 garbage-first heap   total 281600K, used 223540K [0x0000000080000000, 0x0000000100000000)
  region size 1024K, 73 young (74752K), 10 survivors (10240K)
 Metaspace       used 101599K, committed 102848K, reserved 512000K
  class space    used 13930K, committed 14528K, reserved 421888K
}
Event: 47.055 GC heap after
{Heap after GC invocations=53 (full 0):
 garbage-first heap   total 281600K, used 166768K [0x0000000080000000, 0x0000000100000000)
  region size 1024K, 8 young (8192K), 8 survivors (8192K)
 Metaspace       used 101599K, committed 102848K, reserved 512000K
  class space    used 13930K, committed 14528K, reserved 421888K
}
Event: 47.668 GC heap before
{Heap before GC invocations=53 (full 0):
 garbage-first heap   total 281600K, used 226160K [0x0000000080000000, 0x0000000100000000)
  region size 1024K, 67 young (68608K), 8 survivors (8192K)
 Metaspace       used 103847K, committed 105088K, reserved 520192K
  class space    used 14152K, committed 14784K, reserved 421888K
}
Event: 47.691 GC heap after
{Heap after GC invocations=54 (full 0):
 garbage-first heap   total 281600K, used 174392K [0x0000000080000000, 0x0000000100000000)
  region size 1024K, 8 young (8192K), 8 survivors (8192K)
 Metaspace       used 103847K, committed 105088K, reserved 520192K
  class space    used 14152K, committed 14784K, reserved 421888K
}
Event: 48.749 GC heap before
{Heap before GC invocations=54 (full 0):
 garbage-first heap   total 281600K, used 229688K [0x0000000080000000, 0x0000000100000000)
  region size 1024K, 63 young (64512K), 8 survivors (8192K)
 Metaspace       used 105328K, committed 106624K, reserved 520192K
  class space    used 14294K, committed 14912K, reserved 421888K
}
Event: 48.771 GC heap after
{Heap after GC invocations=55 (full 0):
 garbage-first heap   total 281600K, used 177440K [0x0000000080000000, 0x0000000100000000)
  region size 1024K, 4 young (4096K), 4 survivors (4096K)
 Metaspace       used 105328K, committed 106624K, reserved 520192K
  class space    used 14294K, committed 14912K, reserved 421888K
}
Event: 51.612 GC heap before
{Heap before GC invocations=55 (full 0):
 garbage-first heap   total 281600K, used 231712K [0x0000000080000000, 0x0000000100000000)
  region size 1024K, 58 young (59392K), 4 survivors (4096K)
 Metaspace       used 105413K, committed 106688K, reserved 520192K
  class space    used 14301K, committed 14912K, reserved 421888K
}
Event: 51.626 GC heap after
{Heap after GC invocations=56 (full 0):
 garbage-first heap   total 281600K, used 184210K [0x0000000080000000, 0x0000000100000000)
  region size 1024K, 8 young (8192K), 8 survivors (8192K)
 Metaspace       used 105413K, committed 106688K, reserved 520192K
  class space    used 14301K, committed 14912K, reserved 421888K
}
Event: 53.324 GC heap before
{Heap before GC invocations=56 (full 0):
 garbage-first heap   total 281600K, used 234386K [0x0000000080000000, 0x0000000100000000)
  region size 1024K, 58 young (59392K), 8 survivors (8192K)
 Metaspace       used 105649K, committed 107008K, reserved 520192K
  class space    used 14317K, committed 14976K, reserved 421888K
}
Event: 53.343 GC heap after
{Heap after GC invocations=57 (full 0):
 garbage-first heap   total 281600K, used 190314K [0x0000000080000000, 0x0000000100000000)
  region size 1024K, 6 young (6144K), 6 survivors (6144K)
 Metaspace       used 105649K, committed 107008K, reserved 520192K
  class space    used 14317K, committed 14976K, reserved 421888K
}
Event: 53.818 GC heap before
{Heap before GC invocations=57 (full 0):
 garbage-first heap   total 281600K, used 236394K [0x0000000080000000, 0x0000000100000000)
  region size 1024K, 52 young (53248K), 6 survivors (6144K)
 Metaspace       used 105652K, committed 107008K, reserved 520192K
  class space    used 14317K, committed 14976K, reserved 421888K
}
Event: 53.829 GC heap after
{Heap after GC invocations=58 (full 0):
 garbage-first heap   total 281600K, used 194369K [0x0000000080000000, 0x0000000100000000)
  region size 1024K, 5 young (5120K), 5 survivors (5120K)
 Metaspace       used 105652K, committed 107008K, reserved 520192K
  class space    used 14317K, committed 14976K, reserved 421888K
}
Event: 54.413 GC heap before
{Heap before GC invocations=58 (full 0):
 garbage-first heap   total 281600K, used 245569K [0x0000000080000000, 0x0000000100000000)
  region size 1024K, 48 young (49152K), 5 survivors (5120K)
 Metaspace       used 105900K, committed 107264K, reserved 520192K
  class space    used 14341K, committed 14976K, reserved 421888K
}

