# JRE version: OpenJDK Runtime Environment Temurin-17.0.6+10 (17.0.6+10) (build 17.0.6+10)
# Java VM: OpenJDK 64-Bit Server VM Temurin-17.0.6+10 (17.0.6+10, mixed mode, sharing, tiered, compressed oops, compressed class ptrs, g1 gc, windows-amd64)
GC Precious Log:
 CPUs: 4 total, 4 available
 Memory: 8089M
 Large Page Support: Disabled
 NUMA Support: Disabled
 Compressed Oops: Enabled (32-bit)
 Heap Region Size: 1M
 Heap Min Capacity: 8M
 Heap Initial Capacity: 128M
 Heap Max Capacity: 2G
 Pre-touch: Disabled
 Parallel Workers: 4
 Concurrent Workers: 1
 Concurrent Refinement Workers: 4
 Periodic GC: Disabled
Heap:
 garbage-first heap   total 483328K, used 255488K [0x0000000080000000, 0x0000000100000000)
  region size 1024K, 15 young (15360K), 15 survivors (15360K)
 Metaspace       used 157729K, committed 159360K, reserved 561152K
  class space    used 20796K, committed 21568K, reserved 421888K
GC Heap History (20 events):
Event: 5867.512 GC heap after
{Heap after GC invocations=53 (full 0):
 garbage-first heap   total 477184K, used 241532K [0x0000000080000000, 0x0000000100000000)
  region size 1024K, 12 young (12288K), 12 survivors (12288K)
 Metaspace       used 120038K, committed 121728K, reserved 528384K
  class space    used 15892K, committed 16704K, reserved 421888K
}
Event: 5874.556 GC heap before
{Heap before GC invocations=54 (full 0):
 garbage-first heap   total 483328K, used 399228K [0x0000000080000000, 0x0000000100000000)
  region size 1024K, 159 young (162816K), 12 survivors (12288K)
 Metaspace       used 132950K, committed 134528K, reserved 544768K
  class space    used 17688K, committed 18432K, reserved 421888K
}
Event: 5874.595 GC heap after
{Heap after GC invocations=55 (full 0):
 garbage-first heap   total 483328K, used 254360K [0x0000000080000000, 0x0000000100000000)
  region size 1024K, 20 young (20480K), 20 survivors (20480K)
 Metaspace       used 132950K, committed 134528K, reserved 544768K
  class space    used 17688K, committed 18432K, reserved 421888K
}
Event: 5874.618 GC heap before
{Heap before GC invocations=55 (full 0):
 garbage-first heap   total 483328K, used 257432K [0x0000000080000000, 0x0000000100000000)
  region size 1024K, 23 young (23552K), 20 survivors (20480K)
 Metaspace       used 133005K, committed 134528K, reserved 544768K
  class space    used 17697K, committed 18432K, reserved 421888K
}
Event: 5874.668 GC heap after
{Heap after GC invocations=56 (full 0):
 garbage-first heap   total 483328K, used 214987K [0x0000000080000000, 0x0000000100000000)
  region size 1024K, 2 young (2048K), 2 survivors (2048K)
 Metaspace       used 133005K, committed 134528K, reserved 544768K
  class space    used 17697K, committed 18432K, reserved 421888K
}
Event: 5875.156 GC heap before
{Heap before GC invocations=56 (full 0):
 garbage-first heap   total 483328K, used 235467K [0x0000000080000000, 0x0000000100000000)
  region size 1024K, 23 young (23552K), 2 survivors (2048K)
 Metaspace       used 136124K, committed 137664K, reserved 544768K
  class space    used 18122K, committed 18880K, reserved 421888K
}
Event: 5875.186 GC heap after
{Heap after GC invocations=57 (full 0):
 garbage-first heap   total 483328K, used 207360K [0x0000000080000000, 0x0000000100000000)
  region size 1024K, 3 young (3072K), 3 survivors (3072K)
 Metaspace       used 136124K, committed 137664K, reserved 544768K
  class space    used 18122K, committed 18880K, reserved 421888K
}
Event: 5879.859 GC heap before
{Heap before GC invocations=57 (full 0):
 garbage-first heap   total 483328K, used 389632K [0x0000000080000000, 0x0000000100000000)
  region size 1024K, 181 young (185344K), 3 survivors (3072K)
 Metaspace       used 142287K, committed 143936K, reserved 552960K
  class space    used 19039K, committed 19776K, reserved 421888K
}
Event: 5879.890 GC heap after
{Heap after GC invocations=58 (full 0):
 garbage-first heap   total 483328K, used 217775K [0x0000000080000000, 0x0000000100000000)
  region size 1024K, 14 young (14336K), 14 survivors (14336K)
 Metaspace       used 142287K, committed 143936K, reserved 552960K
  class space    used 19039K, committed 19776K, reserved 421888K
}
Event: 5881.430 GC heap before
{Heap before GC invocations=59 (full 0):
 garbage-first heap   total 483328K, used 372399K [0x0000000080000000, 0x0000000100000000)
  region size 1024K, 185 young (189440K), 14 survivors (14336K)
 Metaspace       used 134359K, committed 137856K, reserved 552960K
  class space    used 17838K, committed 19264K, reserved 421888K
}
Event: 5881.466 GC heap after
{Heap after GC invocations=60 (full 0):
 garbage-first heap   total 483328K, used 193269K [0x0000000080000000, 0x0000000100000000)
  region size 1024K, 15 young (15360K), 15 survivors (15360K)
 Metaspace       used 134359K, committed 137856K, reserved 552960K
  class space    used 17838K, committed 19264K, reserved 421888K
}
Event: 5881.663 GC heap before
{Heap before GC invocations=60 (full 0):
 garbage-first heap   total 483328K, used 205557K [0x0000000080000000, 0x0000000100000000)
  region size 1024K, 23 young (23552K), 15 survivors (15360K)
 Metaspace       used 134361K, committed 137856K, reserved 552960K
  class space    used 17838K, committed 19264K, reserved 421888K
}
Event: 5881.726 GC heap after
{Heap after GC invocations=61 (full 0):
 garbage-first heap   total 483328K, used 176426K [0x0000000080000000, 0x0000000100000000)
  region size 1024K, 3 young (3072K), 3 survivors (3072K)
 Metaspace       used 134361K, committed 137856K, reserved 552960K
  class space    used 17838K, committed 19264K, reserved 421888K
}
Event: 5883.216 GC heap before
{Heap before GC invocations=61 (full 0):
 garbage-first heap   total 483328K, used 380202K [0x0000000080000000, 0x0000000100000000)
  region size 1024K, 203 young (207872K), 3 survivors (3072K)
 Metaspace       used 137360K, committed 139072K, reserved 552960K
  class space    used 18203K, committed 19264K, reserved 421888K
}
Event: 5883.235 GC heap after
{Heap after GC invocations=62 (full 0):
 garbage-first heap   total 483328K, used 183541K [0x0000000080000000, 0x0000000100000000)
  region size 1024K, 10 young (10240K), 10 survivors (10240K)
 Metaspace       used 137360K, committed 139072K, reserved 552960K
  class space    used 18203K, committed 19264K, reserved 421888K
}
Event: 5886.386 GC heap before
{Heap before GC invocations=62 (full 0):
 garbage-first heap   total 483328K, used 393461K [0x0000000080000000, 0x0000000100000000)
  region size 1024K, 209 young (214016K), 10 survivors (10240K)
 Metaspace       used 149165K, committed 150528K, reserved 552960K
  class space    used 19843K, committed 20480K, reserved 421888K
}
Event: 5886.443 GC heap after
{Heap after GC invocations=63 (full 0):
 garbage-first heap   total 483328K, used 222427K [0x0000000080000000, 0x0000000100000000)
  region size 1024K, 27 young (27648K), 27 survivors (27648K)
 Metaspace       used 149165K, committed 150528K, reserved 552960K
  class space    used 19843K, committed 20480K, reserved 421888K
}
Event: 5887.789 GC heap before
{Heap before GC invocations=63 (full 0):
 garbage-first heap   total 483328K, used 385243K [0x0000000080000000, 0x0000000100000000)
  region size 1024K, 187 young (191488K), 27 survivors (27648K)
 Metaspace       used 153748K, committed 155200K, reserved 561152K
  class space    used 20305K, committed 20992K, reserved 421888K
}
Event: 5887.852 GC heap after
{Heap after GC invocations=64 (full 0):
 garbage-first heap   total 483328K, used 241152K [0x0000000080000000, 0x0000000100000000)
  region size 1024K, 17 young (17408K), 17 survivors (17408K)
 Metaspace       used 153748K, committed 155200K, reserved 561152K
  class space    used 20305K, committed 20992K, reserved 421888K
}
Event: 5895.133 GC heap before
{Heap before GC invocations=64 (full 0):
 garbage-first heap   total 483328K, used 388608K [0x0000000080000000, 0x0000000100000000)
  region size 1024K, 162 young (165888K), 17 survivors (17408K)
 Metaspace       used 157729K, committed 159360K, reserved 561152K
  class space    used 20796K, committed 21568K, reserved 421888K
}

