# JRE version: OpenJDK Runtime Environment Temurin-17.0.6+10 (17.0.6+10) (build 17.0.6+10)
# Java VM: OpenJDK 64-Bit Server VM Temurin-17.0.6+10 (17.0.6+10, mixed mode, sharing, tiered, compressed oops, compressed class ptrs, g1 gc, windows-amd64)
GC Precious Log:
 CPUs: 4 total, 4 available
 Memory: 8089M
 Large Page Support: Disabled
 NUMA Support: Disabled
 Compressed Oops: Enabled (32-bit)
 Heap Region Size: 1M
 Heap Min Capacity: 8M
 Heap Initial Capacity: 128M
 Heap Max Capacity: 2G
 Pre-touch: Disabled
 Parallel Workers: 4
 Concurrent Workers: 1
 Concurrent Refinement Workers: 4
 Periodic GC: Disabled
Heap:
 garbage-first heap   total 319488K, used 251933K [0x0000000080000000, 0x0000000100000000)
  region size 1024K, 69 young (70656K), 2 survivors (2048K)
 Metaspace       used 102059K, committed 103488K, reserved 512000K
  class space    used 14019K, committed 14720K, reserved 421888K
GC Heap History (20 events):
Event: 71.754 GC heap before
{Heap before GC invocations=61 (full 0):
 garbage-first heap   total 212992K, used 183140K [0x0000000080000000, 0x0000000100000000)
  region size 1024K, 21 young (21504K), 3 survivors (3072K)
 Metaspace       used 100541K, committed 101952K, reserved 512000K
  class space    used 13879K, committed 14592K, reserved 421888K
}
Event: 71.772 GC heap after
{Heap after GC invocations=62 (full 0):
 garbage-first heap   total 212992K, used 170712K [0x0000000080000000, 0x0000000100000000)
  region size 1024K, 3 young (3072K), 3 survivors (3072K)
 Metaspace       used 100541K, committed 101952K, reserved 512000K
  class space    used 13879K, committed 14592K, reserved 421888K
}
Event: 72.329 GC heap before
{Heap before GC invocations=62 (full 0):
 garbage-first heap   total 212992K, used 183000K [0x0000000080000000, 0x0000000100000000)
  region size 1024K, 15 young (15360K), 3 survivors (3072K)
 Metaspace       used 100682K, committed 102080K, reserved 512000K
  class space    used 13891K, committed 14592K, reserved 421888K
}
Event: 72.344 GC heap after
{Heap after GC invocations=63 (full 0):
 garbage-first heap   total 212992K, used 174769K [0x0000000080000000, 0x0000000100000000)
  region size 1024K, 2 young (2048K), 2 survivors (2048K)
 Metaspace       used 100682K, committed 102080K, reserved 512000K
  class space    used 13891K, committed 14592K, reserved 421888K
}
Event: 72.979 GC heap before
{Heap before GC invocations=63 (full 0):
 garbage-first heap   total 212992K, used 183985K [0x0000000080000000, 0x0000000100000000)
  region size 1024K, 11 young (11264K), 2 survivors (2048K)
 Metaspace       used 100853K, committed 102272K, reserved 512000K
  class space    used 13912K, committed 14592K, reserved 421888K
}
Event: 72.985 GC heap after
{Heap after GC invocations=64 (full 0):
 garbage-first heap   total 212992K, used 176709K [0x0000000080000000, 0x0000000100000000)
  region size 1024K, 2 young (2048K), 2 survivors (2048K)
 Metaspace       used 100853K, committed 102272K, reserved 512000K
  class space    used 13912K, committed 14592K, reserved 421888K
}
Event: 73.377 GC heap before
{Heap before GC invocations=64 (full 0):
 garbage-first heap   total 212992K, used 184901K [0x0000000080000000, 0x0000000100000000)
  region size 1024K, 10 young (10240K), 2 survivors (2048K)
 Metaspace       used 100994K, committed 102400K, reserved 512000K
  class space    used 13927K, committed 14656K, reserved 421888K
}
Event: 73.382 GC heap after
{Heap after GC invocations=65 (full 0):
 garbage-first heap   total 212992K, used 178623K [0x0000000080000000, 0x0000000100000000)
  region size 1024K, 2 young (2048K), 2 survivors (2048K)
 Metaspace       used 100994K, committed 102400K, reserved 512000K
  class space    used 13927K, committed 14656K, reserved 421888K
}
Event: 73.664 GC heap before
{Heap before GC invocations=65 (full 0):
 garbage-first heap   total 212992K, used 186815K [0x0000000080000000, 0x0000000100000000)
  region size 1024K, 10 young (10240K), 2 survivors (2048K)
 Metaspace       used 101179K, committed 102592K, reserved 512000K
  class space    used 13949K, committed 14656K, reserved 421888K
}
Event: 73.669 GC heap after
{Heap after GC invocations=66 (full 0):
 garbage-first heap   total 212992K, used 179668K [0x0000000080000000, 0x0000000100000000)
  region size 1024K, 1 young (1024K), 1 survivors (1024K)
 Metaspace       used 101179K, committed 102592K, reserved 512000K
  class space    used 13949K, committed 14656K, reserved 421888K
}
Event: 74.028 GC heap before
{Heap before GC invocations=66 (full 0):
 garbage-first heap   total 212992K, used 188884K [0x0000000080000000, 0x0000000100000000)
  region size 1024K, 10 young (10240K), 1 survivors (1024K)
 Metaspace       used 101235K, committed 102720K, reserved 512000K
  class space    used 13950K, committed 14656K, reserved 421888K
}
Event: 74.032 GC heap after
{Heap after GC invocations=67 (full 0):
 garbage-first heap   total 212992K, used 180845K [0x0000000080000000, 0x0000000100000000)
  region size 1024K, 2 young (2048K), 2 survivors (2048K)
 Metaspace       used 101235K, committed 102720K, reserved 512000K
  class space    used 13950K, committed 14656K, reserved 421888K
}
Event: 74.354 GC heap before
{Heap before GC invocations=67 (full 0):
 garbage-first heap   total 212992K, used 189037K [0x0000000080000000, 0x0000000100000000)
  region size 1024K, 10 young (10240K), 2 survivors (2048K)
 Metaspace       used 101277K, committed 102720K, reserved 512000K
  class space    used 13950K, committed 14656K, reserved 421888K
}
Event: 74.359 GC heap after
{Heap after GC invocations=68 (full 0):
 garbage-first heap   total 212992K, used 181737K [0x0000000080000000, 0x0000000100000000)
  region size 1024K, 2 young (2048K), 2 survivors (2048K)
 Metaspace       used 101277K, committed 102720K, reserved 512000K
  class space    used 13950K, committed 14656K, reserved 421888K
}
Event: 74.598 GC heap before
{Heap before GC invocations=68 (full 0):
 garbage-first heap   total 212992K, used 189929K [0x0000000080000000, 0x0000000100000000)
  region size 1024K, 10 young (10240K), 2 survivors (2048K)
 Metaspace       used 101294K, committed 102720K, reserved 512000K
  class space    used 13951K, committed 14656K, reserved 421888K
}
Event: 74.602 GC heap after
{Heap after GC invocations=69 (full 0):
 garbage-first heap   total 212992K, used 182191K [0x0000000080000000, 0x0000000100000000)
  region size 1024K, 1 young (1024K), 1 survivors (1024K)
 Metaspace       used 101294K, committed 102720K, reserved 512000K
  class space    used 13951K, committed 14656K, reserved 421888K
}
Event: 75.369 GC heap before
{Heap before GC invocations=69 (full 0):
 garbage-first heap   total 212992K, used 191407K [0x0000000080000000, 0x0000000100000000)
  region size 1024K, 10 young (10240K), 1 survivors (1024K)
 Metaspace       used 101324K, committed 102784K, reserved 512000K
  class space    used 13951K, committed 14656K, reserved 421888K
}
Event: 75.375 GC heap after
{Heap after GC invocations=70 (full 0):
 garbage-first heap   total 212992K, used 183281K [0x0000000080000000, 0x0000000100000000)
  region size 1024K, 2 young (2048K), 2 survivors (2048K)
 Metaspace       used 101324K, committed 102784K, reserved 512000K
  class space    used 13951K, committed 14656K, reserved 421888K
}
Event: 75.965 GC heap before
{Heap before GC invocations=70 (full 0):
 garbage-first heap   total 319488K, used 191473K [0x0000000080000000, 0x0000000100000000)
  region size 1024K, 10 young (10240K), 2 survivors (2048K)
 Metaspace       used 101343K, committed 102784K, reserved 512000K
  class space    used 13951K, committed 14656K, reserved 421888K
}
Event: 75.972 GC heap after
{Heap after GC invocations=71 (full 0):
 garbage-first heap   total 319488K, used 184349K [0x0000000080000000, 0x0000000100000000)
  region size 1024K, 2 young (2048K), 2 survivors (2048K)
 Metaspace       used 101343K, committed 102784K, reserved 512000K
  class space    used 13951K, committed 14656K, reserved 421888K
}

