# JRE version: OpenJDK Runtime Environment Temurin-17.0.6+10 (17.0.6+10) (build 17.0.6+10)
# Java VM: OpenJDK 64-Bit Server VM Temurin-17.0.6+10 (17.0.6+10, mixed mode, sharing, tiered, compressed oops, compressed class ptrs, g1 gc, windows-amd64)
GC Precious Log:
 CPUs: 4 total, 4 available
 Memory: 8089M
 Large Page Support: Disabled
 NUMA Support: Disabled
 Compressed Oops: Enabled (32-bit)
 Heap Region Size: 1M
 Heap Min Capacity: 8M
 Heap Initial Capacity: 128M
 Heap Max Capacity: 2G
 Pre-touch: Disabled
 Parallel Workers: 4
 Concurrent Workers: 1
 Concurrent Refinement Workers: 4
 Periodic GC: Disabled
Heap:
 garbage-first heap   total 273408K, used 151552K [0x0000000080000000, 0x0000000100000000)
  region size 1024K, 1 young (1024K), 1 survivors (1024K)
 Metaspace       used 99396K, committed 100480K, reserved 512000K
  class space    used 13628K, committed 14144K, reserved 421888K
GC Heap History (20 events):
Event: 25.749 GC heap after
{Heap after GC invocations=29 (full 0):
 garbage-first heap   total 182272K, used 77760K [0x0000000080000000, 0x0000000100000000)
  region size 1024K, 6 young (6144K), 6 survivors (6144K)
 Metaspace       used 74668K, committed 75328K, reserved 487424K
  class space    used 10195K, committed 10496K, reserved 421888K
}
Event: 26.654 GC heap before
{Heap before GC invocations=29 (full 0):
 garbage-first heap   total 182272K, used 142272K [0x0000000080000000, 0x0000000100000000)
  region size 1024K, 69 young (70656K), 6 survivors (6144K)
 Metaspace       used 80442K, committed 81216K, reserved 495616K
  class space    used 11166K, committed 11520K, reserved 421888K
}
Event: 26.671 GC heap after
{Heap after GC invocations=30 (full 0):
 garbage-first heap   total 182272K, used 83968K [0x0000000080000000, 0x0000000100000000)
  region size 1024K, 6 young (6144K), 6 survivors (6144K)
 Metaspace       used 80442K, committed 81216K, reserved 495616K
  class space    used 11166K, committed 11520K, reserved 421888K
}
Event: 27.655 GC heap before
{Heap before GC invocations=30 (full 0):
 garbage-first heap   total 182272K, used 145408K [0x0000000080000000, 0x0000000100000000)
  region size 1024K, 65 young (66560K), 6 survivors (6144K)
 Metaspace       used 82559K, committed 83456K, reserved 495616K
  class space    used 11487K, committed 11904K, reserved 421888K
}
Event: 27.674 GC heap after
{Heap after GC invocations=31 (full 0):
 garbage-first heap   total 182272K, used 96256K [0x0000000080000000, 0x0000000100000000)
  region size 1024K, 9 young (9216K), 9 survivors (9216K)
 Metaspace       used 82559K, committed 83456K, reserved 495616K
  class space    used 11487K, committed 11904K, reserved 421888K
}
Event: 28.431 GC heap before
{Heap before GC invocations=31 (full 0):
 garbage-first heap   total 182272K, used 151552K [0x0000000080000000, 0x0000000100000000)
  region size 1024K, 56 young (57344K), 9 survivors (9216K)
 Metaspace       used 86174K, committed 87168K, reserved 503808K
  class space    used 11959K, committed 12416K, reserved 421888K
}
Event: 28.450 GC heap after
{Heap after GC invocations=32 (full 0):
 garbage-first heap   total 182272K, used 112640K [0x0000000080000000, 0x0000000100000000)
  region size 1024K, 7 young (7168K), 7 survivors (7168K)
 Metaspace       used 86174K, committed 87168K, reserved 503808K
  class space    used 11959K, committed 12416K, reserved 421888K
}
Event: 29.056 GC heap before
{Heap before GC invocations=32 (full 0):
 garbage-first heap   total 182272K, used 150528K [0x0000000080000000, 0x0000000100000000)
  region size 1024K, 41 young (41984K), 7 survivors (7168K)
 Metaspace       used 87306K, committed 88256K, reserved 503808K
  class space    used 12086K, committed 12544K, reserved 421888K
}
Event: 29.072 GC heap after
{Heap after GC invocations=33 (full 0):
 garbage-first heap   total 256000K, used 124323K [0x0000000080000000, 0x0000000100000000)
  region size 1024K, 6 young (6144K), 6 survivors (6144K)
 Metaspace       used 87306K, committed 88256K, reserved 503808K
  class space    used 12086K, committed 12544K, reserved 421888K
}
Event: 29.892 GC heap before
{Heap before GC invocations=33 (full 0):
 garbage-first heap   total 256000K, used 177571K [0x0000000080000000, 0x0000000100000000)
  region size 1024K, 59 young (60416K), 6 survivors (6144K)
 Metaspace       used 92001K, committed 93056K, reserved 503808K
  class space    used 12763K, committed 13312K, reserved 421888K
}
Event: 29.909 GC heap after
{Heap after GC invocations=34 (full 0):
 garbage-first heap   total 256000K, used 131673K [0x0000000080000000, 0x0000000100000000)
  region size 1024K, 7 young (7168K), 7 survivors (7168K)
 Metaspace       used 92001K, committed 93056K, reserved 503808K
  class space    used 12763K, committed 13312K, reserved 421888K
}
Event: 31.216 GC heap before
{Heap before GC invocations=35 (full 0):
 garbage-first heap   total 256000K, used 200281K [0x0000000080000000, 0x0000000100000000)
  region size 1024K, 74 young (75776K), 7 survivors (7168K)
 Metaspace       used 96256K, committed 97280K, reserved 512000K
  class space    used 13284K, committed 13760K, reserved 421888K
}
Event: 31.238 GC heap after
{Heap after GC invocations=36 (full 0):
 garbage-first heap   total 256000K, used 141085K [0x0000000080000000, 0x0000000100000000)
  region size 1024K, 10 young (10240K), 10 survivors (10240K)
 Metaspace       used 96256K, committed 97280K, reserved 512000K
  class space    used 13284K, committed 13760K, reserved 421888K
}
Event: 31.258 GC heap before
{Heap before GC invocations=36 (full 0):
 garbage-first heap   total 256000K, used 143133K [0x0000000080000000, 0x0000000100000000)
  region size 1024K, 12 young (12288K), 10 survivors (10240K)
 Metaspace       used 96325K, committed 97344K, reserved 512000K
  class space    used 13293K, committed 13760K, reserved 421888K
}
Event: 31.272 GC heap after
{Heap after GC invocations=37 (full 0):
 garbage-first heap   total 256000K, used 140975K [0x0000000080000000, 0x0000000100000000)
  region size 1024K, 2 young (2048K), 2 survivors (2048K)
 Metaspace       used 96325K, committed 97344K, reserved 512000K
  class space    used 13293K, committed 13760K, reserved 421888K
}
Event: 31.834 GC heap before
{Heap before GC invocations=37 (full 0):
 garbage-first heap   total 256000K, used 202415K [0x0000000080000000, 0x0000000100000000)
  region size 1024K, 62 young (63488K), 2 survivors (2048K)
 Metaspace       used 97001K, committed 98112K, reserved 512000K
  class space    used 13355K, committed 13824K, reserved 421888K
}
Event: 31.846 GC heap after
{Heap after GC invocations=38 (full 0):
 garbage-first heap   total 256000K, used 146695K [0x0000000080000000, 0x0000000100000000)
  region size 1024K, 7 young (7168K), 7 survivors (7168K)
 Metaspace       used 97001K, committed 98112K, reserved 512000K
  class space    used 13355K, committed 13824K, reserved 421888K
}
Event: 32.519 GC heap before
{Heap before GC invocations=39 (full 0):
 garbage-first heap   total 273408K, used 204039K [0x0000000080000000, 0x0000000100000000)
  region size 1024K, 63 young (64512K), 7 survivors (7168K)
 Metaspace       used 99281K, committed 100352K, reserved 512000K
  class space    used 13613K, committed 14080K, reserved 421888K
}
Event: 32.533 GC heap after
{Heap after GC invocations=40 (full 0):
 garbage-first heap   total 273408K, used 151857K [0x0000000080000000, 0x0000000100000000)
  region size 1024K, 6 young (6144K), 6 survivors (6144K)
 Metaspace       used 99281K, committed 100352K, reserved 512000K
  class space    used 13613K, committed 14080K, reserved 421888K
}
Event: 32.572 GC heap before
{Heap before GC invocations=40 (full 0):
 garbage-first heap   total 273408K, used 158001K [0x0000000080000000, 0x0000000100000000)
  region size 1024K, 13 young (13312K), 6 survivors (6144K)
 Metaspace       used 99396K, committed 100480K, reserved 512000K
  class space    used 13628K, committed 14144K, reserved 421888K
}

