# JRE version: OpenJDK Runtime Environment Temurin-17.0.6+10 (17.0.6+10) (build 17.0.6+10)
# Java VM: OpenJDK 64-Bit Server VM Temurin-17.0.6+10 (17.0.6+10, mixed mode, sharing, tiered, compressed oops, compressed class ptrs, g1 gc, windows-amd64)
GC Precious Log:
 CPUs: 4 total, 4 available
 Memory: 8089M
 Large Page Support: Disabled
 NUMA Support: Disabled
 Compressed Oops: Enabled (32-bit)
 Heap Region Size: 1M
 Heap Min Capacity: 8M
 Heap Initial Capacity: 128M
 Heap Max Capacity: 2G
 Pre-touch: Disabled
 Parallel Workers: 4
 Concurrent Workers: 1
 Concurrent Refinement Workers: 4
 Periodic GC: Disabled
Heap:
 garbage-first heap   total 344064K, used 245159K [0x0000000080000000, 0x0000000100000000)
  region size 1024K, 56 young (57344K), 6 survivors (6144K)
 Metaspace       used 106400K, committed 107648K, reserved 520192K
  class space    used 14355K, committed 14912K, reserved 421888K
GC Heap History (20 events):
Event: 24.268 GC heap before
{Heap before GC invocations=39 (full 0):
 garbage-first heap   total 129024K, used 77285K [0x0000000080000000, 0x0000000100000000)
  region size 1024K, 6 young (6144K), 3 survivors (3072K)
 Metaspace       used 73155K, committed 73856K, reserved 487424K
  class space    used 9985K, committed 10304K, reserved 421888K
}
Event: 24.273 GC heap after
{Heap after GC invocations=40 (full 0):
 garbage-first heap   total 129024K, used 74237K [0x0000000080000000, 0x0000000100000000)
  region size 1024K, 1 young (1024K), 1 survivors (1024K)
 Metaspace       used 73155K, committed 73856K, reserved 487424K
  class space    used 9985K, committed 10304K, reserved 421888K
}
Event: 28.323 GC heap before
{Heap before GC invocations=40 (full 0):
 garbage-first heap   total 129024K, used 103933K [0x0000000080000000, 0x0000000100000000)
  region size 1024K, 30 young (30720K), 1 survivors (1024K)
 Metaspace       used 73443K, committed 74112K, reserved 487424K
  class space    used 10026K, committed 10368K, reserved 421888K
}
Event: 28.330 GC heap after
{Heap after GC invocations=41 (full 0):
 garbage-first heap   total 344064K, used 76838K [0x0000000080000000, 0x0000000100000000)
  region size 1024K, 3 young (3072K), 3 survivors (3072K)
 Metaspace       used 73443K, committed 74112K, reserved 487424K
  class space    used 10026K, committed 10368K, reserved 421888K
}
Event: 30.639 GC heap before
{Heap before GC invocations=41 (full 0):
 garbage-first heap   total 344064K, used 227366K [0x0000000080000000, 0x0000000100000000)
  region size 1024K, 146 young (149504K), 3 survivors (3072K)
 Metaspace       used 82768K, committed 83648K, reserved 495616K
  class space    used 11516K, committed 11968K, reserved 421888K
}
Event: 30.663 GC heap after
{Heap after GC invocations=42 (full 0):
 garbage-first heap   total 344064K, used 101609K [0x0000000080000000, 0x0000000100000000)
  region size 1024K, 19 young (19456K), 19 survivors (19456K)
 Metaspace       used 82768K, committed 83648K, reserved 495616K
  class space    used 11516K, committed 11968K, reserved 421888K
}
Event: 33.424 GC heap before
{Heap before GC invocations=42 (full 0):
 garbage-first heap   total 344064K, used 253161K [0x0000000080000000, 0x0000000100000000)
  region size 1024K, 159 young (162816K), 19 survivors (19456K)
 Metaspace       used 94125K, committed 95232K, reserved 512000K
  class space    used 13018K, committed 13568K, reserved 421888K
}
Event: 33.465 GC heap after
{Heap after GC invocations=43 (full 0):
 garbage-first heap   total 344064K, used 130403K [0x0000000080000000, 0x0000000100000000)
  region size 1024K, 20 young (20480K), 20 survivors (20480K)
 Metaspace       used 94125K, committed 95232K, reserved 512000K
  class space    used 13018K, committed 13568K, reserved 421888K
}
Event: 35.184 GC heap before
{Heap before GC invocations=43 (full 0):
 garbage-first heap   total 344064K, used 252259K [0x0000000080000000, 0x0000000100000000)
  region size 1024K, 139 young (142336K), 20 survivors (20480K)
 Metaspace       used 97127K, committed 98240K, reserved 512000K
  class space    used 13350K, committed 13888K, reserved 421888K
}
Event: 35.221 GC heap after
{Heap after GC invocations=44 (full 0):
 garbage-first heap   total 344064K, used 145408K [0x0000000080000000, 0x0000000100000000)
  region size 1024K, 15 young (15360K), 15 survivors (15360K)
 Metaspace       used 97127K, committed 98240K, reserved 512000K
  class space    used 13350K, committed 13888K, reserved 421888K
}
Event: 36.617 GC heap before
{Heap before GC invocations=44 (full 0):
 garbage-first heap   total 344064K, used 257024K [0x0000000080000000, 0x0000000100000000)
  region size 1024K, 125 young (128000K), 15 survivors (15360K)
 Metaspace       used 101793K, committed 102912K, reserved 512000K
  class space    used 13810K, committed 14336K, reserved 421888K
}
Event: 36.657 GC heap after
{Heap after GC invocations=45 (full 0):
 garbage-first heap   total 344064K, used 157184K [0x0000000080000000, 0x0000000100000000)
  region size 1024K, 12 young (12288K), 12 survivors (12288K)
 Metaspace       used 101793K, committed 102912K, reserved 512000K
  class space    used 13810K, committed 14336K, reserved 421888K
}
Event: 38.305 GC heap before
{Heap before GC invocations=45 (full 0):
 garbage-first heap   total 344064K, used 263680K [0x0000000080000000, 0x0000000100000000)
  region size 1024K, 117 young (119808K), 12 survivors (12288K)
 Metaspace       used 102441K, committed 103552K, reserved 512000K
  class space    used 13874K, committed 14400K, reserved 421888K
}
Event: 38.333 GC heap after
{Heap after GC invocations=46 (full 0):
 garbage-first heap   total 344064K, used 164864K [0x0000000080000000, 0x0000000100000000)
  region size 1024K, 9 young (9216K), 9 survivors (9216K)
 Metaspace       used 102441K, committed 103552K, reserved 512000K
  class space    used 13874K, committed 14400K, reserved 421888K
}
Event: 39.811 GC heap before
{Heap before GC invocations=46 (full 0):
 garbage-first heap   total 344064K, used 293888K [0x0000000080000000, 0x0000000100000000)
  region size 1024K, 112 young (114688K), 9 survivors (9216K)
 Metaspace       used 102832K, committed 103936K, reserved 512000K
  class space    used 13918K, committed 14464K, reserved 421888K
}
Event: 39.833 GC heap after
{Heap after GC invocations=47 (full 0):
 garbage-first heap   total 344064K, used 178091K [0x0000000080000000, 0x0000000100000000)
  region size 1024K, 10 young (10240K), 10 survivors (10240K)
 Metaspace       used 102832K, committed 103936K, reserved 512000K
  class space    used 13918K, committed 14464K, reserved 421888K
}
Event: 41.585 GC heap before
{Heap before GC invocations=47 (full 0):
 garbage-first heap   total 344064K, used 277419K [0x0000000080000000, 0x0000000100000000)
  region size 1024K, 104 young (106496K), 10 survivors (10240K)
 Metaspace       used 104945K, committed 106240K, reserved 520192K
  class space    used 14174K, committed 14784K, reserved 421888K
}
Event: 41.609 GC heap after
{Heap after GC invocations=48 (full 0):
 garbage-first heap   total 344064K, used 185153K [0x0000000080000000, 0x0000000100000000)
  region size 1024K, 11 young (11264K), 11 survivors (11264K)
 Metaspace       used 104945K, committed 106240K, reserved 520192K
  class space    used 14174K, committed 14784K, reserved 421888K
}
Event: 42.575 GC heap before
{Heap before GC invocations=48 (full 0):
 garbage-first heap   total 344064K, used 284481K [0x0000000080000000, 0x0000000100000000)
  region size 1024K, 101 young (103424K), 11 survivors (11264K)
 Metaspace       used 105043K, committed 106304K, reserved 520192K
  class space    used 14178K, committed 14784K, reserved 421888K
}
Event: 42.594 GC heap after
{Heap after GC invocations=49 (full 0):
 garbage-first heap   total 344064K, used 191911K [0x0000000080000000, 0x0000000100000000)
  region size 1024K, 6 young (6144K), 6 survivors (6144K)
 Metaspace       used 105043K, committed 106304K, reserved 520192K
  class space    used 14178K, committed 14784K, reserved 421888K
}

