# JRE version: OpenJDK Runtime Environment Temurin-17.0.6+10 (17.0.6+10) (build 17.0.6+10)
# Java VM: OpenJDK 64-Bit Server VM Temurin-17.0.6+10 (17.0.6+10, mixed mode, sharing, tiered, compressed oops, compressed class ptrs, g1 gc, windows-amd64)
GC Precious Log:
 CPUs: 4 total, 4 available
 Memory: 8089M
 Large Page Support: Disabled
 NUMA Support: Disabled
 Compressed Oops: Enabled (32-bit)
 Heap Region Size: 1M
 Heap Min Capacity: 8M
 Heap Initial Capacity: 128M
 Heap Max Capacity: 2G
 Pre-touch: Disabled
 Parallel Workers: 4
 Concurrent Workers: 1
 Concurrent Refinement Workers: 4
 Periodic GC: Disabled
Heap:
 garbage-first heap   total 506880K, used 256130K [0x0000000080000000, 0x0000000100000000)
  region size 1024K, 2 young (2048K), 2 survivors (2048K)
 Metaspace       used 167862K, committed 169536K, reserved 577536K
  class space    used 21530K, committed 22336K, reserved 421888K
GC Heap History (20 events):
Event: 9740.046 GC heap after
{Heap after GC invocations=117 (full 1):
 garbage-first heap   total 506880K, used 249434K [0x0000000080000000, 0x0000000100000000)
  region size 1024K, 26 young (26624K), 26 survivors (26624K)
 Metaspace       used 167731K, committed 169408K, reserved 577536K
  class space    used 21511K, committed 22336K, reserved 421888K
}
Event: 9740.732 GC heap before
{Heap before GC invocations=117 (full 1):
 garbage-first heap   total 506880K, used 413274K [0x0000000080000000, 0x0000000100000000)
  region size 1024K, 187 young (191488K), 26 survivors (26624K)
 Metaspace       used 167742K, committed 169408K, reserved 577536K
  class space    used 21511K, committed 22336K, reserved 421888K
}
Event: 9740.771 GC heap after
{Heap after GC invocations=118 (full 1):
 garbage-first heap   total 506880K, used 265147K [0x0000000080000000, 0x0000000100000000)
  region size 1024K, 20 young (20480K), 20 survivors (20480K)
 Metaspace       used 167742K, committed 169408K, reserved 577536K
  class space    used 21511K, committed 22336K, reserved 421888K
}
Event: 9743.138 GC heap before
{Heap before GC invocations=119 (full 1):
 garbage-first heap   total 506880K, used 407483K [0x0000000080000000, 0x0000000100000000)
  region size 1024K, 164 young (167936K), 20 survivors (20480K)
 Metaspace       used 167769K, committed 169408K, reserved 577536K
  class space    used 21517K, committed 22336K, reserved 421888K
}
Event: 9743.179 GC heap after
{Heap after GC invocations=120 (full 1):
 garbage-first heap   total 506880K, used 265152K [0x0000000080000000, 0x0000000100000000)
  region size 1024K, 6 young (6144K), 6 survivors (6144K)
 Metaspace       used 167769K, committed 169408K, reserved 577536K
  class space    used 21517K, committed 22336K, reserved 421888K
}
Event: 9743.240 GC heap before
{Heap before GC invocations=120 (full 1):
 garbage-first heap   total 506880K, used 283584K [0x0000000080000000, 0x0000000100000000)
  region size 1024K, 24 young (24576K), 6 survivors (6144K)
 Metaspace       used 167769K, committed 169408K, reserved 577536K
  class space    used 21517K, committed 22336K, reserved 421888K
}
Event: 9743.257 GC heap after
{Heap after GC invocations=121 (full 1):
 garbage-first heap   total 506880K, used 259974K [0x0000000080000000, 0x0000000100000000)
  region size 1024K, 2 young (2048K), 2 survivors (2048K)
 Metaspace       used 167769K, committed 169408K, reserved 577536K
  class space    used 21517K, committed 22336K, reserved 421888K
}
Event: 9744.143 GC heap before
{Heap before GC invocations=121 (full 1):
 garbage-first heap   total 506880K, used 416646K [0x0000000080000000, 0x0000000100000000)
  region size 1024K, 155 young (158720K), 2 survivors (2048K)
 Metaspace       used 167798K, committed 169472K, reserved 577536K
  class space    used 21520K, committed 22336K, reserved 421888K
}
Event: 9744.158 GC heap after
{Heap after GC invocations=122 (full 1):
 garbage-first heap   total 506880K, used 262592K [0x0000000080000000, 0x0000000100000000)
  region size 1024K, 4 young (4096K), 4 survivors (4096K)
 Metaspace       used 167798K, committed 169472K, reserved 577536K
  class space    used 21520K, committed 22336K, reserved 421888K
}
Event: 9745.487 GC heap before
{Heap before GC invocations=123 (full 1):
 garbage-first heap   total 506880K, used 420288K [0x0000000080000000, 0x0000000100000000)
  region size 1024K, 160 young (163840K), 4 survivors (4096K)
 Metaspace       used 167806K, committed 169472K, reserved 577536K
  class space    used 21520K, committed 22336K, reserved 421888K
}
Event: 9745.501 GC heap after
{Heap after GC invocations=124 (full 1):
 garbage-first heap   total 506880K, used 265164K [0x0000000080000000, 0x0000000100000000)
  region size 1024K, 8 young (8192K), 8 survivors (8192K)
 Metaspace       used 167806K, committed 169472K, reserved 577536K
  class space    used 21520K, committed 22336K, reserved 421888K
}
Event: 9745.586 GC heap before
{Heap before GC invocations=124 (full 1):
 garbage-first heap   total 506880K, used 280524K [0x0000000080000000, 0x0000000100000000)
  region size 1024K, 24 young (24576K), 8 survivors (8192K)
 Metaspace       used 167806K, committed 169472K, reserved 577536K
  class space    used 21520K, committed 22336K, reserved 421888K
}
Event: 9745.597 GC heap after
{Heap after GC invocations=125 (full 1):
 garbage-first heap   total 506880K, used 256671K [0x0000000080000000, 0x0000000100000000)
  region size 1024K, 2 young (2048K), 2 survivors (2048K)
 Metaspace       used 167806K, committed 169472K, reserved 577536K
  class space    used 21520K, committed 22336K, reserved 421888K
}
Event: 9746.780 GC heap before
{Heap before GC invocations=125 (full 1):
 garbage-first heap   total 506880K, used 424607K [0x0000000080000000, 0x0000000100000000)
  region size 1024K, 167 young (171008K), 2 survivors (2048K)
 Metaspace       used 167819K, committed 169472K, reserved 577536K
  class space    used 21522K, committed 22336K, reserved 421888K
}
Event: 9746.795 GC heap after
{Heap after GC invocations=126 (full 1):
 garbage-first heap   total 506880K, used 267723K [0x0000000080000000, 0x0000000100000000)
  region size 1024K, 13 young (13312K), 13 survivors (13312K)
 Metaspace       used 167819K, committed 169472K, reserved 577536K
  class space    used 21522K, committed 22336K, reserved 421888K
}
Event: 9748.749 GC heap before
{Heap before GC invocations=127 (full 1):
 garbage-first heap   total 506880K, used 424395K [0x0000000080000000, 0x0000000100000000)
  region size 1024K, 166 young (169984K), 13 survivors (13312K)
 Metaspace       used 167842K, committed 169472K, reserved 577536K
  class space    used 21524K, committed 22336K, reserved 421888K
}
Event: 9748.763 GC heap after
{Heap after GC invocations=128 (full 1):
 garbage-first heap   total 506880K, used 269372K [0x0000000080000000, 0x0000000100000000)
  region size 1024K, 4 young (4096K), 4 survivors (4096K)
 Metaspace       used 167842K, committed 169472K, reserved 577536K
  class space    used 21524K, committed 22336K, reserved 421888K
}
Event: 9748.875 GC heap before
{Heap before GC invocations=128 (full 1):
 garbage-first heap   total 506880K, used 289852K [0x0000000080000000, 0x0000000100000000)
  region size 1024K, 24 young (24576K), 4 survivors (4096K)
 Metaspace       used 167843K, committed 169472K, reserved 577536K
  class space    used 21524K, committed 22336K, reserved 421888K
}
Event: 9748.890 GC heap after
{Heap after GC invocations=129 (full 1):
 garbage-first heap   total 506880K, used 255215K [0x0000000080000000, 0x0000000100000000)
  region size 1024K, 1 young (1024K), 1 survivors (1024K)
 Metaspace       used 167843K, committed 169472K, reserved 577536K
  class space    used 21524K, committed 22336K, reserved 421888K
}
Event: 9750.511 GC heap before
{Heap before GC invocations=129 (full 1):
 garbage-first heap   total 506880K, used 428271K [0x0000000080000000, 0x0000000100000000)
  region size 1024K, 170 young (174080K), 1 survivors (1024K)
 Metaspace       used 167862K, committed 169536K, reserved 577536K
  class space    used 21530K, committed 22336K, reserved 421888K
}

