# JRE version: OpenJDK Runtime Environment Temurin-17.0.6+10 (17.0.6+10) (build 17.0.6+10)
# Java VM: OpenJDK 64-Bit Server VM Temurin-17.0.6+10 (17.0.6+10, mixed mode, sharing, tiered, compressed oops, compressed class ptrs, g1 gc, windows-amd64)
GC Precious Log:
 CPUs: 4 total, 4 available
 Memory: 8089M
 Large Page Support: Disabled
 NUMA Support: Disabled
 Compressed Oops: Enabled (32-bit)
 Heap Region Size: 1M
 Heap Min Capacity: 8M
 Heap Initial Capacity: 128M
 Heap Max Capacity: 2G
 Pre-touch: Disabled
 Parallel Workers: 4
 Concurrent Workers: 1
 Concurrent Refinement Workers: 4
 Periodic GC: Disabled
Heap:
 garbage-first heap   total 239616K, used 136707K [0x0000000080000000, 0x0000000100000000)
  region size 1024K, 1 young (1024K), 1 survivors (1024K)
 Metaspace       used 88082K, committed 89088K, reserved 503808K
  class space    used 12189K, committed 12672K, reserved 421888K
GC Heap History (20 events):
Event: 154.739 GC heap after
{Heap after GC invocations=50 (full 0):
 garbage-first heap   total 138240K, used 89742K [0x0000000080000000, 0x0000000100000000)
  region size 1024K, 4 young (4096K), 4 survivors (4096K)
 Metaspace       used 81873K, committed 82688K, reserved 495616K
  class space    used 11397K, committed 11776K, reserved 421888K
}
Event: 156.549 GC heap before
{Heap before GC invocations=50 (full 0):
 garbage-first heap   total 138240K, used 112270K [0x0000000080000000, 0x0000000100000000)
  region size 1024K, 26 young (26624K), 4 survivors (4096K)
 Metaspace       used 82732K, committed 83648K, reserved 495616K
  class space    used 11531K, committed 11968K, reserved 421888K
}
Event: 156.560 GC heap after
{Heap after GC invocations=51 (full 0):
 garbage-first heap   total 138240K, used 95454K [0x0000000080000000, 0x0000000100000000)
  region size 1024K, 4 young (4096K), 4 survivors (4096K)
 Metaspace       used 82732K, committed 83648K, reserved 495616K
  class space    used 11531K, committed 11968K, reserved 421888K
}
Event: 157.318 GC heap before
{Heap before GC invocations=51 (full 0):
 garbage-first heap   total 138240K, used 112862K [0x0000000080000000, 0x0000000100000000)
  region size 1024K, 21 young (21504K), 4 survivors (4096K)
 Metaspace       used 83118K, committed 84032K, reserved 495616K
  class space    used 11561K, committed 11968K, reserved 421888K
}
Event: 157.331 GC heap after
{Heap after GC invocations=52 (full 0):
 garbage-first heap   total 138240K, used 100352K [0x0000000080000000, 0x0000000100000000)
  region size 1024K, 3 young (3072K), 3 survivors (3072K)
 Metaspace       used 83118K, committed 84032K, reserved 495616K
  class space    used 11561K, committed 11968K, reserved 421888K
}
Event: 157.637 GC heap before
{Heap before GC invocations=52 (full 0):
 garbage-first heap   total 138240K, used 113664K [0x0000000080000000, 0x0000000100000000)
  region size 1024K, 17 young (17408K), 3 survivors (3072K)
 Metaspace       used 83264K, committed 84160K, reserved 495616K
  class space    used 11564K, committed 11968K, reserved 421888K
}
Event: 157.646 GC heap after
{Heap after GC invocations=53 (full 0):
 garbage-first heap   total 138240K, used 102645K [0x0000000080000000, 0x0000000100000000)
  region size 1024K, 2 young (2048K), 2 survivors (2048K)
 Metaspace       used 83264K, committed 84160K, reserved 495616K
  class space    used 11564K, committed 11968K, reserved 421888K
}
Event: 157.747 GC heap before
{Heap before GC invocations=53 (full 0):
 garbage-first heap   total 138240K, used 107765K [0x0000000080000000, 0x0000000100000000)
  region size 1024K, 8 young (8192K), 2 survivors (2048K)
 Metaspace       used 83306K, committed 84160K, reserved 495616K
  class space    used 11568K, committed 11968K, reserved 421888K
}
Event: 157.755 GC heap after
{Heap after GC invocations=54 (full 0):
 garbage-first heap   total 165888K, used 103716K [0x0000000080000000, 0x0000000100000000)
  region size 1024K, 1 young (1024K), 1 survivors (1024K)
 Metaspace       used 83306K, committed 84160K, reserved 495616K
  class space    used 11568K, committed 11968K, reserved 421888K
}
Event: 157.764 GC heap before
{Heap before GC invocations=54 (full 0):
 garbage-first heap   total 165888K, used 104740K [0x0000000080000000, 0x0000000100000000)
  region size 1024K, 2 young (2048K), 1 survivors (1024K)
 Metaspace       used 83306K, committed 84160K, reserved 495616K
  class space    used 11568K, committed 11968K, reserved 421888K
}
Event: 157.766 GC heap after
{Heap after GC invocations=55 (full 0):
 garbage-first heap   total 165888K, used 104779K [0x0000000080000000, 0x0000000100000000)
  region size 1024K, 1 young (1024K), 1 survivors (1024K)
 Metaspace       used 83306K, committed 84160K, reserved 495616K
  class space    used 11568K, committed 11968K, reserved 421888K
}
Event: 158.437 GC heap before
{Heap before GC invocations=56 (full 0):
 garbage-first heap   total 196608K, used 137547K [0x0000000080000000, 0x0000000100000000)
  region size 1024K, 29 young (29696K), 1 survivors (1024K)
 Metaspace       used 84816K, committed 85824K, reserved 503808K
  class space    used 11776K, committed 12224K, reserved 421888K
}
Event: 158.443 GC heap after
{Heap after GC invocations=57 (full 0):
 garbage-first heap   total 196608K, used 117531K [0x0000000080000000, 0x0000000100000000)
  region size 1024K, 4 young (4096K), 4 survivors (4096K)
 Metaspace       used 84816K, committed 85824K, reserved 503808K
  class space    used 11776K, committed 12224K, reserved 421888K
}
Event: 158.503 GC heap before
{Heap before GC invocations=57 (full 0):
 garbage-first heap   total 196608K, used 122651K [0x0000000080000000, 0x0000000100000000)
  region size 1024K, 9 young (9216K), 4 survivors (4096K)
 Metaspace       used 84926K, committed 85952K, reserved 503808K
  class space    used 11793K, committed 12224K, reserved 421888K
}
Event: 158.508 GC heap after
{Heap after GC invocations=58 (full 0):
 garbage-first heap   total 196608K, used 117052K [0x0000000080000000, 0x0000000100000000)
  region size 1024K, 1 young (1024K), 1 survivors (1024K)
 Metaspace       used 84926K, committed 85952K, reserved 503808K
  class space    used 11793K, committed 12224K, reserved 421888K
}
Event: 159.266 GC heap before
{Heap before GC invocations=58 (full 0):
 garbage-first heap   total 196608K, used 150844K [0x0000000080000000, 0x0000000100000000)
  region size 1024K, 35 young (35840K), 1 survivors (1024K)
 Metaspace       used 86039K, committed 87104K, reserved 503808K
  class space    used 11922K, committed 12416K, reserved 421888K
}
Event: 159.280 GC heap after
{Heap after GC invocations=59 (full 0):
 garbage-first heap   total 196608K, used 124259K [0x0000000080000000, 0x0000000100000000)
  region size 1024K, 5 young (5120K), 5 survivors (5120K)
 Metaspace       used 86039K, committed 87104K, reserved 503808K
  class space    used 11922K, committed 12416K, reserved 421888K
}
Event: 160.143 GC heap before
{Heap before GC invocations=60 (full 0):
 garbage-first heap   total 239616K, used 157027K [0x0000000080000000, 0x0000000100000000)
  region size 1024K, 33 young (33792K), 5 survivors (5120K)
 Metaspace       used 87568K, committed 88576K, reserved 503808K
  class space    used 12124K, committed 12608K, reserved 421888K
}
Event: 160.164 GC heap after
{Heap after GC invocations=61 (full 0):
 garbage-first heap   total 239616K, used 135997K [0x0000000080000000, 0x0000000100000000)
  region size 1024K, 5 young (5120K), 5 survivors (5120K)
 Metaspace       used 87568K, committed 88576K, reserved 503808K
  class space    used 12124K, committed 12608K, reserved 421888K
}
Event: 160.291 GC heap before
{Heap before GC invocations=61 (full 0):
 garbage-first heap   total 239616K, used 142141K [0x0000000080000000, 0x0000000100000000)
  region size 1024K, 11 young (11264K), 5 survivors (5120K)
 Metaspace       used 88082K, committed 89088K, reserved 503808K
  class space    used 12189K, committed 12672K, reserved 421888K
}

