# JRE version: OpenJDK Runtime Environment Temurin-17.0.6+10 (17.0.6+10) (build 17.0.6+10)
# Java VM: OpenJDK 64-Bit Server VM Temurin-17.0.6+10 (17.0.6+10, mixed mode, sharing, tiered, compressed oops, compressed class ptrs, g1 gc, windows-amd64)
GC Precious Log:
 CPUs: 4 total, 4 available
 Memory: 8089M
 Large Page Support: Disabled
 NUMA Support: Disabled
 Compressed Oops: Enabled (32-bit)
 Heap Region Size: 1M
 Heap Min Capacity: 8M
 Heap Initial Capacity: 128M
 Heap Max Capacity: 2G
 Pre-touch: Disabled
 Parallel Workers: 4
 Concurrent Workers: 1
 Concurrent Refinement Workers: 4
 Periodic GC: Disabled
Heap:
 garbage-first heap   total 444416K, used 314038K [0x0000000080000000, 0x0000000100000000)
  region size 1024K, 135 young (138240K), 15 survivors (15360K)
 Metaspace       used 106839K, committed 108288K, reserved 520192K
  class space    used 14455K, committed 15104K, reserved 421888K
GC Heap History (20 events):
Event: 50.592 GC heap before
{Heap before GC invocations=42 (full 0):
 garbage-first heap   total 138240K, used 76100K [0x0000000080000000, 0x0000000100000000)
  region size 1024K, 6 young (6144K), 4 survivors (4096K)
 Metaspace       used 73366K, committed 74048K, reserved 487424K
  class space    used 10004K, committed 10304K, reserved 421888K
}
Event: 50.607 GC heap after
{Heap after GC invocations=43 (full 0):
 garbage-first heap   total 226304K, used 74308K [0x0000000080000000, 0x0000000100000000)
  region size 1024K, 1 young (1024K), 1 survivors (1024K)
 Metaspace       used 73366K, committed 74048K, reserved 487424K
  class space    used 10004K, committed 10304K, reserved 421888K
}
Event: 77.765 GC heap before
{Heap before GC invocations=43 (full 0):
 garbage-first heap   total 226304K, used 157252K [0x0000000080000000, 0x0000000100000000)
  region size 1024K, 82 young (83968K), 1 survivors (1024K)
 Metaspace       used 80226K, committed 80960K, reserved 495616K
  class space    used 11116K, committed 11456K, reserved 421888K
}
Event: 77.775 GC heap after
{Heap after GC invocations=44 (full 0):
 garbage-first heap   total 226304K, used 80541K [0x0000000080000000, 0x0000000100000000)
  region size 1024K, 7 young (7168K), 7 survivors (7168K)
 Metaspace       used 80226K, committed 80960K, reserved 495616K
  class space    used 11116K, committed 11456K, reserved 421888K
}
Event: 81.901 GC heap before
{Heap before GC invocations=44 (full 0):
 garbage-first heap   total 226304K, used 163485K [0x0000000080000000, 0x0000000100000000)
  region size 1024K, 89 young (91136K), 7 survivors (7168K)
 Metaspace       used 83186K, committed 84096K, reserved 495616K
  class space    used 11527K, committed 11968K, reserved 421888K
}
Event: 81.930 GC heap after
{Heap after GC invocations=45 (full 0):
 garbage-first heap   total 226304K, used 95690K [0x0000000080000000, 0x0000000100000000)
  region size 1024K, 12 young (12288K), 12 survivors (12288K)
 Metaspace       used 83186K, committed 84096K, reserved 495616K
  class space    used 11527K, committed 11968K, reserved 421888K
}
Event: 84.240 GC heap before
{Heap before GC invocations=45 (full 0):
 garbage-first heap   total 226304K, used 172490K [0x0000000080000000, 0x0000000100000000)
  region size 1024K, 82 young (83968K), 12 survivors (12288K)
 Metaspace       used 85882K, committed 86912K, reserved 503808K
  class space    used 11890K, committed 12352K, reserved 421888K
}
Event: 84.273 GC heap after
{Heap after GC invocations=46 (full 0):
 garbage-first heap   total 226304K, used 119032K [0x0000000080000000, 0x0000000100000000)
  region size 1024K, 11 young (11264K), 11 survivors (11264K)
 Metaspace       used 85882K, committed 86912K, reserved 503808K
  class space    used 11890K, committed 12352K, reserved 421888K
}
Event: 85.960 GC heap before
{Heap before GC invocations=46 (full 0):
 garbage-first heap   total 226304K, used 181496K [0x0000000080000000, 0x0000000100000000)
  region size 1024K, 64 young (65536K), 11 survivors (11264K)
 Metaspace       used 88584K, committed 89664K, reserved 503808K
  class space    used 12239K, committed 12736K, reserved 421888K
}
Event: 85.990 GC heap after
{Heap after GC invocations=47 (full 0):
 garbage-first heap   total 226304K, used 140674K [0x0000000080000000, 0x0000000100000000)
  region size 1024K, 8 young (8192K), 8 survivors (8192K)
 Metaspace       used 88584K, committed 89664K, reserved 503808K
  class space    used 12239K, committed 12736K, reserved 421888K
}
Event: 87.041 GC heap before
{Heap before GC invocations=47 (full 0):
 garbage-first heap   total 226304K, used 178562K [0x0000000080000000, 0x0000000100000000)
  region size 1024K, 46 young (47104K), 8 survivors (8192K)
 Metaspace       used 90348K, committed 91456K, reserved 503808K
  class space    used 12459K, committed 12992K, reserved 421888K
}
Event: 87.060 GC heap after
{Heap after GC invocations=48 (full 0):
 garbage-first heap   total 226304K, used 147330K [0x0000000080000000, 0x0000000100000000)
  region size 1024K, 6 young (6144K), 6 survivors (6144K)
 Metaspace       used 90348K, committed 91456K, reserved 503808K
  class space    used 12459K, committed 12992K, reserved 421888K
}
Event: 88.238 GC heap before
{Heap before GC invocations=48 (full 0):
 garbage-first heap   total 226304K, used 183170K [0x0000000080000000, 0x0000000100000000)
  region size 1024K, 41 young (41984K), 6 survivors (6144K)
 Metaspace       used 92910K, committed 94144K, reserved 503808K
  class space    used 12820K, committed 13376K, reserved 421888K
}
Event: 88.262 GC heap after
{Heap after GC invocations=49 (full 0):
 garbage-first heap   total 226304K, used 154498K [0x0000000080000000, 0x0000000100000000)
  region size 1024K, 6 young (6144K), 6 survivors (6144K)
 Metaspace       used 92910K, committed 94144K, reserved 503808K
  class space    used 12820K, committed 13376K, reserved 421888K
}
Event: 89.618 GC heap before
{Heap before GC invocations=49 (full 0):
 garbage-first heap   total 226304K, used 185218K [0x0000000080000000, 0x0000000100000000)
  region size 1024K, 36 young (36864K), 6 survivors (6144K)
 Metaspace       used 95915K, committed 97280K, reserved 512000K
  class space    used 13283K, committed 13888K, reserved 421888K
}
Event: 89.641 GC heap after
{Heap after GC invocations=50 (full 0):
 garbage-first heap   total 444416K, used 157654K [0x0000000080000000, 0x0000000100000000)
  region size 1024K, 3 young (3072K), 3 survivors (3072K)
 Metaspace       used 95915K, committed 97280K, reserved 512000K
  class space    used 13283K, committed 13888K, reserved 421888K
}
Event: 95.330 GC heap before
{Heap before GC invocations=50 (full 0):
 garbage-first heap   total 444416K, used 306134K [0x0000000080000000, 0x0000000100000000)
  region size 1024K, 148 young (151552K), 3 survivors (3072K)
 Metaspace       used 100463K, committed 101824K, reserved 512000K
  class space    used 13793K, committed 14400K, reserved 421888K
}
Event: 95.391 GC heap after
{Heap after GC invocations=51 (full 0):
 garbage-first heap   total 444416K, used 178050K [0x0000000080000000, 0x0000000100000000)
  region size 1024K, 19 young (19456K), 19 survivors (19456K)
 Metaspace       used 100463K, committed 101824K, reserved 512000K
  class space    used 13793K, committed 14400K, reserved 421888K
}
Event: 98.221 GC heap before
{Heap before GC invocations=51 (full 0):
 garbage-first heap   total 444416K, used 309122K [0x0000000080000000, 0x0000000100000000)
  region size 1024K, 147 young (150528K), 19 survivors (19456K)
 Metaspace       used 104459K, committed 105920K, reserved 520192K
  class space    used 14231K, committed 14912K, reserved 421888K
}
Event: 98.266 GC heap after
{Heap after GC invocations=52 (full 0):
 garbage-first heap   total 444416K, used 193206K [0x0000000080000000, 0x0000000100000000)
  region size 1024K, 15 young (15360K), 15 survivors (15360K)
 Metaspace       used 104459K, committed 105920K, reserved 520192K
  class space    used 14231K, committed 14912K, reserved 421888K
}

