# JRE version: OpenJDK Runtime Environment Temurin-17.0.6+10 (17.0.6+10) (build 17.0.6+10)
# Java VM: OpenJDK 64-Bit Server VM Temurin-17.0.6+10 (17.0.6+10, mixed mode, sharing, tiered, compressed oops, compressed class ptrs, g1 gc, windows-amd64)
GC Precious Log:
 CPUs: 4 total, 4 available
 Memory: 8089M
 Large Page Support: Disabled
 NUMA Support: Disabled
 Compressed Oops: Enabled (32-bit)
 Heap Region Size: 1M
 Heap Min Capacity: 8M
 Heap Initial Capacity: 128M
 Heap Max Capacity: 2G
 Pre-touch: Disabled
 Parallel Workers: 4
 Concurrent Workers: 1
 Concurrent Refinement Workers: 4
 Periodic GC: Disabled
Heap:
 garbage-first heap   total 466944K, used 382656K [0x0000000080000000, 0x0000000100000000)
  region size 1024K, 4 young (4096K), 4 survivors (4096K)
 Metaspace       used 131235K, committed 132928K, reserved 544768K
  class space    used 17651K, committed 18432K, reserved 421888K
GC Heap History (20 events):
Event: 275.593 GC heap after
{Heap after GC invocations=63 (full 0):
 garbage-first heap   total 317440K, used 240767K [0x0000000080000000, 0x0000000100000000)
  region size 1024K, 1 young (1024K), 1 survivors (1024K)
 Metaspace       used 118005K, committed 119488K, reserved 528384K
  class space    used 15907K, committed 16576K, reserved 421888K
}
Event: 276.884 GC heap before
{Heap before GC invocations=64 (full 0):
 garbage-first heap   total 419840K, used 266367K [0x0000000080000000, 0x0000000100000000)
  region size 1024K, 27 young (27648K), 1 survivors (1024K)
 Metaspace       used 121961K, committed 123584K, reserved 536576K
  class space    used 16448K, committed 17216K, reserved 421888K
}
Event: 276.894 GC heap after
{Heap after GC invocations=65 (full 0):
 garbage-first heap   total 419840K, used 242872K [0x0000000080000000, 0x0000000100000000)
  region size 1024K, 3 young (3072K), 3 survivors (3072K)
 Metaspace       used 121961K, committed 123584K, reserved 536576K
  class space    used 16448K, committed 17216K, reserved 421888K
}
Event: 277.808 GC heap before
{Heap before GC invocations=65 (full 0):
 garbage-first heap   total 419840K, used 260280K [0x0000000080000000, 0x0000000100000000)
  region size 1024K, 20 young (20480K), 3 survivors (3072K)
 Metaspace       used 124887K, committed 126464K, reserved 536576K
  class space    used 16928K, committed 17664K, reserved 421888K
}
Event: 277.829 GC heap after
{Heap after GC invocations=66 (full 0):
 garbage-first heap   total 419840K, used 239052K [0x0000000080000000, 0x0000000100000000)
  region size 1024K, 2 young (2048K), 2 survivors (2048K)
 Metaspace       used 124887K, committed 126464K, reserved 536576K
  class space    used 16928K, committed 17664K, reserved 421888K
}
Event: 280.585 GC heap before
{Heap before GC invocations=66 (full 0):
 garbage-first heap   total 419840K, used 355788K [0x0000000080000000, 0x0000000100000000)
  region size 1024K, 117 young (119808K), 2 survivors (2048K)
 Metaspace       used 126707K, committed 128256K, reserved 536576K
  class space    used 17002K, committed 17728K, reserved 421888K
}
Event: 280.601 GC heap after
{Heap after GC invocations=67 (full 0):
 garbage-first heap   total 419840K, used 249782K [0x0000000080000000, 0x0000000100000000)
  region size 1024K, 12 young (12288K), 12 survivors (12288K)
 Metaspace       used 126707K, committed 128256K, reserved 536576K
  class space    used 17002K, committed 17728K, reserved 421888K
}
Event: 283.648 GC heap before
{Heap before GC invocations=68 (full 0):
 garbage-first heap   total 457728K, used 351158K [0x0000000080000000, 0x0000000100000000)
  region size 1024K, 106 young (108544K), 12 survivors (12288K)
 Metaspace       used 129659K, committed 131264K, reserved 536576K
  class space    used 17427K, committed 18176K, reserved 421888K
}
Event: 283.667 GC heap after
{Heap after GC invocations=69 (full 0):
 garbage-first heap   total 457728K, used 256304K [0x0000000080000000, 0x0000000100000000)
  region size 1024K, 7 young (7168K), 7 survivors (7168K)
 Metaspace       used 129659K, committed 131264K, reserved 536576K
  class space    used 17427K, committed 18176K, reserved 421888K
}
Event: 284.045 GC heap before
{Heap before GC invocations=69 (full 0):
 garbage-first heap   total 457728K, used 277808K [0x0000000080000000, 0x0000000100000000)
  region size 1024K, 22 young (22528K), 7 survivors (7168K)
 Metaspace       used 129748K, committed 131456K, reserved 536576K
  class space    used 17435K, committed 18240K, reserved 421888K
}
Event: 284.063 GC heap after
{Heap after GC invocations=70 (full 0):
 garbage-first heap   total 457728K, used 265748K [0x0000000080000000, 0x0000000100000000)
  region size 1024K, 3 young (3072K), 3 survivors (3072K)
 Metaspace       used 129748K, committed 131456K, reserved 536576K
  class space    used 17435K, committed 18240K, reserved 421888K
}
Event: 285.660 GC heap before
{Heap before GC invocations=70 (full 0):
 garbage-first heap   total 457728K, used 433684K [0x0000000080000000, 0x0000000100000000)
  region size 1024K, 115 young (117760K), 3 survivors (3072K)
 Metaspace       used 130620K, committed 132288K, reserved 536576K
  class space    used 17564K, committed 18368K, reserved 421888K
}
Event: 285.691 GC heap after
{Heap after GC invocations=71 (full 0):
 garbage-first heap   total 466944K, used 319275K [0x0000000080000000, 0x0000000100000000)
  region size 1024K, 15 young (15360K), 15 survivors (15360K)
 Metaspace       used 130620K, committed 132288K, reserved 536576K
  class space    used 17564K, committed 18368K, reserved 421888K
}
Event: 286.515 GC heap before
{Heap before GC invocations=71 (full 0):
 garbage-first heap   total 466944K, used 391979K [0x0000000080000000, 0x0000000100000000)
  region size 1024K, 82 young (83968K), 15 survivors (15360K)
 Metaspace       used 130648K, committed 132352K, reserved 536576K
  class space    used 17566K, committed 18368K, reserved 421888K
}
Event: 286.569 GC heap after
{Heap after GC invocations=72 (full 0):
 garbage-first heap   total 466944K, used 344027K [0x0000000080000000, 0x0000000100000000)
  region size 1024K, 11 young (11264K), 11 survivors (11264K)
 Metaspace       used 130648K, committed 132352K, reserved 536576K
  class space    used 17566K, committed 18368K, reserved 421888K
}
Event: 287.165 GC heap before
{Heap before GC invocations=72 (full 0):
 garbage-first heap   total 466944K, used 391131K [0x0000000080000000, 0x0000000100000000)
  region size 1024K, 57 young (58368K), 11 survivors (11264K)
 Metaspace       used 131209K, committed 132864K, reserved 544768K
  class space    used 17650K, committed 18432K, reserved 421888K
}
Event: 287.201 GC heap after
{Heap after GC invocations=73 (full 0):
 garbage-first heap   total 466944K, used 359936K [0x0000000080000000, 0x0000000100000000)
  region size 1024K, 8 young (8192K), 8 survivors (8192K)
 Metaspace       used 131209K, committed 132864K, reserved 544768K
  class space    used 17650K, committed 18432K, reserved 421888K
}
Event: 287.396 GC heap before
{Heap before GC invocations=73 (full 0):
 garbage-first heap   total 466944K, used 393728K [0x0000000080000000, 0x0000000100000000)
  region size 1024K, 41 young (41984K), 8 survivors (8192K)
 Metaspace       used 131227K, committed 132928K, reserved 544768K
  class space    used 17651K, committed 18432K, reserved 421888K
}
Event: 287.431 GC heap after
{Heap after GC invocations=74 (full 0):
 garbage-first heap   total 466944K, used 372224K [0x0000000080000000, 0x0000000100000000)
  region size 1024K, 6 young (6144K), 6 survivors (6144K)
 Metaspace       used 131227K, committed 132928K, reserved 544768K
  class space    used 17651K, committed 18432K, reserved 421888K
}
Event: 287.586 GC heap before
{Heap before GC invocations=74 (full 0):
 garbage-first heap   total 466944K, used 396800K [0x0000000080000000, 0x0000000100000000)
  region size 1024K, 30 young (30720K), 6 survivors (6144K)
 Metaspace       used 131235K, committed 132928K, reserved 544768K
  class space    used 17651K, committed 18432K, reserved 421888K
}

