# JRE version: OpenJDK Runtime Environment Temurin-17.0.6+10 (17.0.6+10) (build 17.0.6+10)
# Java VM: OpenJDK 64-Bit Server VM Temurin-17.0.6+10 (17.0.6+10, mixed mode, sharing, tiered, compressed oops, compressed class ptrs, g1 gc, windows-amd64)
GC Precious Log:
 CPUs: 4 total, 4 available
 Memory: 8089M
 Large Page Support: Disabled
 NUMA Support: Disabled
 Compressed Oops: Enabled (32-bit)
 Heap Region Size: 1M
 Heap Min Capacity: 8M
 Heap Initial Capacity: 128M
 Heap Max Capacity: 2G
 Pre-touch: Disabled
 Parallel Workers: 4
 Concurrent Workers: 1
 Concurrent Refinement Workers: 4
 Periodic GC: Disabled
Heap:
 garbage-first heap   total 189440K, used 119229K [0x0000000080000000, 0x0000000100000000)
  region size 1024K, 5 young (5120K), 5 survivors (5120K)
 Metaspace       used 86603K, committed 87616K, reserved 503808K
  class space    used 12011K, committed 12480K, reserved 421888K
GC Heap History (20 events):
Event: 31.480 GC heap after
{Heap after GC invocations=32 (full 0):
 garbage-first heap   total 138240K, used 72677K [0x0000000080000000, 0x0000000100000000)
  region size 1024K, 2 young (2048K), 2 survivors (2048K)
 Metaspace       used 72831K, committed 73536K, reserved 487424K
  class space    used 9932K, committed 10304K, reserved 421888K
}
Event: 31.985 GC heap before
{Heap before GC invocations=33 (full 0):
 garbage-first heap   total 138240K, used 107493K [0x0000000080000000, 0x0000000100000000)
  region size 1024K, 35 young (35840K), 2 survivors (2048K)
 Metaspace       used 73981K, committed 74688K, reserved 487424K
  class space    used 10122K, committed 10496K, reserved 421888K
}
Event: 31.991 GC heap after
{Heap after GC invocations=34 (full 0):
 garbage-first heap   total 138240K, used 74930K [0x0000000080000000, 0x0000000100000000)
  region size 1024K, 4 young (4096K), 4 survivors (4096K)
 Metaspace       used 73981K, committed 74688K, reserved 487424K
  class space    used 10122K, committed 10496K, reserved 421888K
}
Event: 39.234 GC heap before
{Heap before GC invocations=34 (full 0):
 garbage-first heap   total 138240K, used 108722K [0x0000000080000000, 0x0000000100000000)
  region size 1024K, 37 young (37888K), 4 survivors (4096K)
 Metaspace       used 75740K, committed 76416K, reserved 495616K
  class space    used 10358K, committed 10688K, reserved 421888K
}
Event: 39.245 GC heap after
{Heap after GC invocations=35 (full 0):
 garbage-first heap   total 165888K, used 77999K [0x0000000080000000, 0x0000000100000000)
  region size 1024K, 4 young (4096K), 4 survivors (4096K)
 Metaspace       used 75740K, committed 76416K, reserved 495616K
  class space    used 10358K, committed 10688K, reserved 421888K
}
Event: 40.606 GC heap before
{Heap before GC invocations=36 (full 0):
 garbage-first heap   total 165888K, used 126127K [0x0000000080000000, 0x0000000100000000)
  region size 1024K, 51 young (52224K), 4 survivors (4096K)
 Metaspace       used 80681K, committed 81472K, reserved 495616K
  class space    used 11209K, committed 11584K, reserved 421888K
}
Event: 40.614 GC heap after
{Heap after GC invocations=37 (full 0):
 garbage-first heap   total 165888K, used 81064K [0x0000000080000000, 0x0000000100000000)
  region size 1024K, 7 young (7168K), 7 survivors (7168K)
 Metaspace       used 80681K, committed 81472K, reserved 495616K
  class space    used 11209K, committed 11584K, reserved 421888K
}
Event: 40.638 GC heap before
{Heap before GC invocations=37 (full 0):
 garbage-first heap   total 165888K, used 82088K [0x0000000080000000, 0x0000000100000000)
  region size 1024K, 8 young (8192K), 7 survivors (7168K)
 Metaspace       used 80748K, committed 81536K, reserved 495616K
  class space    used 11222K, committed 11584K, reserved 421888K
}
Event: 40.646 GC heap after
{Heap after GC invocations=38 (full 0):
 garbage-first heap   total 165888K, used 81464K [0x0000000080000000, 0x0000000100000000)
  region size 1024K, 1 young (1024K), 1 survivors (1024K)
 Metaspace       used 80748K, committed 81536K, reserved 495616K
  class space    used 11222K, committed 11584K, reserved 421888K
}
Event: 41.558 GC heap before
{Heap before GC invocations=38 (full 0):
 garbage-first heap   total 165888K, used 129592K [0x0000000080000000, 0x0000000100000000)
  region size 1024K, 48 young (49152K), 1 survivors (1024K)
 Metaspace       used 82964K, committed 83776K, reserved 495616K
  class space    used 11586K, committed 11968K, reserved 421888K
}
Event: 41.569 GC heap after
{Heap after GC invocations=39 (full 0):
 garbage-first heap   total 165888K, used 88517K [0x0000000080000000, 0x0000000100000000)
  region size 1024K, 6 young (6144K), 6 survivors (6144K)
 Metaspace       used 82964K, committed 83776K, reserved 495616K
  class space    used 11586K, committed 11968K, reserved 421888K
}
Event: 42.937 GC heap before
{Heap before GC invocations=40 (full 0):
 garbage-first heap   total 165888K, used 130501K [0x0000000080000000, 0x0000000100000000)
  region size 1024K, 47 young (48128K), 6 survivors (6144K)
 Metaspace       used 83762K, committed 84672K, reserved 495616K
  class space    used 11647K, committed 12096K, reserved 421888K
}
Event: 42.953 GC heap after
{Heap after GC invocations=41 (full 0):
 garbage-first heap   total 165888K, used 95274K [0x0000000080000000, 0x0000000100000000)
  region size 1024K, 6 young (6144K), 6 survivors (6144K)
 Metaspace       used 83762K, committed 84672K, reserved 495616K
  class space    used 11647K, committed 12096K, reserved 421888K
}
Event: 42.991 GC heap before
{Heap before GC invocations=41 (full 0):
 garbage-first heap   total 165888K, used 96298K [0x0000000080000000, 0x0000000100000000)
  region size 1024K, 8 young (8192K), 6 survivors (6144K)
 Metaspace       used 83795K, committed 84736K, reserved 495616K
  class space    used 11650K, committed 12096K, reserved 421888K
}
Event: 43.001 GC heap after
{Heap after GC invocations=42 (full 0):
 garbage-first heap   total 165888K, used 97071K [0x0000000080000000, 0x0000000100000000)
  region size 1024K, 2 young (2048K), 2 survivors (2048K)
 Metaspace       used 83795K, committed 84736K, reserved 495616K
  class space    used 11650K, committed 12096K, reserved 421888K
}
Event: 43.664 GC heap before
{Heap before GC invocations=43 (full 0):
 garbage-first heap   total 189440K, used 137007K [0x0000000080000000, 0x0000000100000000)
  region size 1024K, 36 young (36864K), 2 survivors (2048K)
 Metaspace       used 85449K, committed 86464K, reserved 503808K
  class space    used 11878K, committed 12352K, reserved 421888K
}
Event: 43.672 GC heap after
{Heap after GC invocations=44 (full 0):
 garbage-first heap   total 189440K, used 111892K [0x0000000080000000, 0x0000000100000000)
  region size 1024K, 5 young (5120K), 5 survivors (5120K)
 Metaspace       used 85449K, committed 86464K, reserved 503808K
  class space    used 11878K, committed 12352K, reserved 421888K
}
Event: 43.834 GC heap before
{Heap before GC invocations=44 (full 0):
 garbage-first heap   total 189440K, used 115988K [0x0000000080000000, 0x0000000100000000)
  region size 1024K, 9 young (9216K), 5 survivors (5120K)
 Metaspace       used 85702K, committed 86656K, reserved 503808K
  class space    used 11906K, committed 12352K, reserved 421888K
}
Event: 43.843 GC heap after
{Heap after GC invocations=45 (full 0):
 garbage-first heap   total 189440K, used 112454K [0x0000000080000000, 0x0000000100000000)
  region size 1024K, 1 young (1024K), 1 survivors (1024K)
 Metaspace       used 85702K, committed 86656K, reserved 503808K
  class space    used 11906K, committed 12352K, reserved 421888K
}
Event: 45.085 GC heap before
{Heap before GC invocations=45 (full 0):
 garbage-first heap   total 189440K, used 147270K [0x0000000080000000, 0x0000000100000000)
  region size 1024K, 36 young (36864K), 1 survivors (1024K)
 Metaspace       used 86603K, committed 87616K, reserved 503808K
  class space    used 12011K, committed 12480K, reserved 421888K
}

