# JRE version: OpenJDK Runtime Environment Temurin-17.0.6+10 (17.0.6+10) (build 17.0.6+10)
# Java VM: OpenJDK 64-Bit Server VM Temurin-17.0.6+10 (17.0.6+10, mixed mode, sharing, tiered, compressed oops, compressed class ptrs, g1 gc, windows-amd64)
GC Precious Log:
 CPUs: 4 total, 4 available
 Memory: 8089M
 Large Page Support: Disabled
 NUMA Support: Disabled
 Compressed Oops: Enabled (32-bit)
 Heap Region Size: 1M
 Heap Min Capacity: 8M
 Heap Initial Capacity: 128M
 Heap Max Capacity: 2G
 Pre-touch: Disabled
 Parallel Workers: 4
 Concurrent Workers: 1
 Concurrent Refinement Workers: 4
 Periodic GC: Disabled
Heap:
 garbage-first heap   total 103424K, used 56993K [0x0000000080000000, 0x0000000100000000)
  region size 1024K, 3 young (3072K), 3 survivors (3072K)
 Metaspace       used 60119K, committed 60736K, reserved 479232K
  class space    used 8414K, committed 8704K, reserved 421888K
GC Heap History (20 events):
Event: 25.953 GC heap after
{Heap after GC invocations=17 (full 0):
 garbage-first heap   total 78848K, used 44622K [0x0000000080000000, 0x0000000100000000)
  region size 1024K, 3 young (3072K), 3 survivors (3072K)
 Metaspace       used 43973K, committed 44480K, reserved 462848K
  class space    used 6119K, committed 6336K, reserved 421888K
}
Event: 27.467 GC heap before
{Heap before GC invocations=17 (full 0):
 garbage-first heap   total 78848K, used 61006K [0x0000000080000000, 0x0000000100000000)
  region size 1024K, 19 young (19456K), 3 survivors (3072K)
 Metaspace       used 45951K, committed 46592K, reserved 462848K
  class space    used 6437K, committed 6720K, reserved 421888K
}
Event: 27.472 GC heap after
{Heap after GC invocations=18 (full 0):
 garbage-first heap   total 78848K, used 45440K [0x0000000080000000, 0x0000000100000000)
  region size 1024K, 1 young (1024K), 1 survivors (1024K)
 Metaspace       used 45951K, committed 46592K, reserved 462848K
  class space    used 6437K, committed 6720K, reserved 421888K
}
Event: 28.266 GC heap before
{Heap before GC invocations=19 (full 0):
 garbage-first heap   total 80896K, used 61824K [0x0000000080000000, 0x0000000100000000)
  region size 1024K, 17 young (17408K), 1 survivors (1024K)
 Metaspace       used 47833K, committed 48384K, reserved 471040K
  class space    used 6712K, committed 6976K, reserved 421888K
}
Event: 28.269 GC heap after
{Heap after GC invocations=20 (full 0):
 garbage-first heap   total 80896K, used 46171K [0x0000000080000000, 0x0000000100000000)
  region size 1024K, 2 young (2048K), 2 survivors (2048K)
 Metaspace       used 47833K, committed 48384K, reserved 471040K
  class space    used 6712K, committed 6976K, reserved 421888K
}
Event: 28.285 GC heap before
{Heap before GC invocations=20 (full 0):
 garbage-first heap   total 80896K, used 47195K [0x0000000080000000, 0x0000000100000000)
  region size 1024K, 3 young (3072K), 2 survivors (2048K)
 Metaspace       used 47981K, committed 48512K, reserved 471040K
  class space    used 6727K, committed 6976K, reserved 421888K
}
Event: 28.288 GC heap after
{Heap after GC invocations=21 (full 0):
 garbage-first heap   total 80896K, used 44608K [0x0000000080000000, 0x0000000100000000)
  region size 1024K, 1 young (1024K), 1 survivors (1024K)
 Metaspace       used 47981K, committed 48512K, reserved 471040K
  class space    used 6727K, committed 6976K, reserved 421888K
}
Event: 28.615 GC heap before
{Heap before GC invocations=21 (full 0):
 garbage-first heap   total 80896K, used 63040K [0x0000000080000000, 0x0000000100000000)
  region size 1024K, 19 young (19456K), 1 survivors (1024K)
 Metaspace       used 50178K, committed 50752K, reserved 471040K
  class space    used 7049K, committed 7296K, reserved 421888K
}
Event: 28.617 GC heap after
{Heap after GC invocations=22 (full 0):
 garbage-first heap   total 80896K, used 45292K [0x0000000080000000, 0x0000000100000000)
  region size 1024K, 1 young (1024K), 1 survivors (1024K)
 Metaspace       used 50178K, committed 50752K, reserved 471040K
  class space    used 7049K, committed 7296K, reserved 421888K
}
Event: 29.010 GC heap before
{Heap before GC invocations=23 (full 0):
 garbage-first heap   total 83968K, used 63724K [0x0000000080000000, 0x0000000100000000)
  region size 1024K, 19 young (19456K), 1 survivors (1024K)
 Metaspace       used 52167K, committed 52800K, reserved 471040K
  class space    used 7288K, committed 7552K, reserved 421888K
}
Event: 29.016 GC heap after
{Heap after GC invocations=24 (full 0):
 garbage-first heap   total 83968K, used 47470K [0x0000000080000000, 0x0000000100000000)
  region size 1024K, 3 young (3072K), 3 survivors (3072K)
 Metaspace       used 52167K, committed 52800K, reserved 471040K
  class space    used 7288K, committed 7552K, reserved 421888K
}
Event: 29.599 GC heap before
{Heap before GC invocations=24 (full 0):
 garbage-first heap   total 83968K, used 66926K [0x0000000080000000, 0x0000000100000000)
  region size 1024K, 22 young (22528K), 3 survivors (3072K)
 Metaspace       used 53746K, committed 54336K, reserved 471040K
  class space    used 7508K, committed 7808K, reserved 421888K
}
Event: 29.605 GC heap after
{Heap after GC invocations=25 (full 0):
 garbage-first heap   total 83968K, used 48811K [0x0000000080000000, 0x0000000100000000)
  region size 1024K, 2 young (2048K), 2 survivors (2048K)
 Metaspace       used 53746K, committed 54336K, reserved 471040K
  class space    used 7508K, committed 7808K, reserved 421888K
}
Event: 29.927 GC heap before
{Heap before GC invocations=26 (full 0):
 garbage-first heap   total 89088K, used 67243K [0x0000000080000000, 0x0000000100000000)
  region size 1024K, 20 young (20480K), 2 survivors (2048K)
 Metaspace       used 54866K, committed 55424K, reserved 471040K
  class space    used 7688K, committed 7936K, reserved 421888K
}
Event: 29.932 GC heap after
{Heap after GC invocations=27 (full 0):
 garbage-first heap   total 89088K, used 50428K [0x0000000080000000, 0x0000000100000000)
  region size 1024K, 3 young (3072K), 3 survivors (3072K)
 Metaspace       used 54866K, committed 55424K, reserved 471040K
  class space    used 7688K, committed 7936K, reserved 421888K
}
Event: 30.536 GC heap before
{Heap before GC invocations=27 (full 0):
 garbage-first heap   total 89088K, used 71932K [0x0000000080000000, 0x0000000100000000)
  region size 1024K, 24 young (24576K), 3 survivors (3072K)
 Metaspace       used 56299K, committed 56896K, reserved 471040K
  class space    used 7876K, committed 8128K, reserved 421888K
}
Event: 30.542 GC heap after
{Heap after GC invocations=28 (full 0):
 garbage-first heap   total 89088K, used 51833K [0x0000000080000000, 0x0000000100000000)
  region size 1024K, 2 young (2048K), 2 survivors (2048K)
 Metaspace       used 56299K, committed 56896K, reserved 471040K
  class space    used 7876K, committed 8128K, reserved 421888K
}
Event: 31.103 GC heap before
{Heap before GC invocations=29 (full 0):
 garbage-first heap   total 91136K, used 71289K [0x0000000080000000, 0x0000000100000000)
  region size 1024K, 22 young (22528K), 2 survivors (2048K)
 Metaspace       used 58068K, committed 58752K, reserved 479232K
  class space    used 8151K, committed 8448K, reserved 421888K
}
Event: 31.111 GC heap after
{Heap after GC invocations=30 (full 0):
 garbage-first heap   total 91136K, used 54798K [0x0000000080000000, 0x0000000100000000)
  region size 1024K, 3 young (3072K), 3 survivors (3072K)
 Metaspace       used 58068K, committed 58752K, reserved 479232K
  class space    used 8151K, committed 8448K, reserved 421888K
}
Event: 31.655 GC heap before
{Heap before GC invocations=30 (full 0):
 garbage-first heap   total 91136K, used 73230K [0x0000000080000000, 0x0000000100000000)
  region size 1024K, 22 young (22528K), 3 survivors (3072K)
 Metaspace       used 60119K, committed 60736K, reserved 479232K
  class space    used 8414K, committed 8704K, reserved 421888K
}

