# JRE version: OpenJDK Runtime Environment Temurin-17.0.6+10 (17.0.6+10) (build 17.0.6+10)
# Java VM: OpenJDK 64-Bit Server VM Temurin-17.0.6+10 (17.0.6+10, mixed mode, sharing, tiered, compressed oops, compressed class ptrs, g1 gc, windows-amd64)
GC Precious Log:
 CPUs: 4 total, 4 available
 Memory: 8089M
 Large Page Support: Disabled
 NUMA Support: Disabled
 Compressed Oops: Enabled (32-bit)
 Heap Region Size: 1M
 Heap Min Capacity: 8M
 Heap Initial Capacity: 128M
 Heap Max Capacity: 2G
 Pre-touch: Disabled
 Parallel Workers: 4
 Concurrent Workers: 1
 Concurrent Refinement Workers: 4
 Periodic GC: Disabled
Heap:
 garbage-first heap   total 438272K, used 287381K [0x0000000080000000, 0x0000000100000000)
  region size 1024K, 4 young (4096K), 4 survivors (4096K)
 Metaspace       used 120378K, committed 121472K, reserved 528384K
  class space    used 16236K, committed 16768K, reserved 421888K
GC Heap History (20 events):
Event: 48.795 GC heap after
{Heap after GC invocations=53 (full 0):
 garbage-first heap   total 438272K, used 227366K [0x0000000080000000, 0x0000000100000000)
  region size 1024K, 9 young (9216K), 9 survivors (9216K)
 Metaspace       used 119887K, committed 120960K, reserved 528384K
  class space    used 16210K, committed 16768K, reserved 421888K
}
Event: 50.336 GC heap before
{Heap before GC invocations=53 (full 0):
 garbage-first heap   total 438272K, used 368678K [0x0000000080000000, 0x0000000100000000)
  region size 1024K, 147 young (150528K), 9 survivors (9216K)
 Metaspace       used 119969K, committed 121088K, reserved 528384K
  class space    used 16217K, committed 16768K, reserved 421888K
}
Event: 50.354 GC heap after
{Heap after GC invocations=54 (full 0):
 garbage-first heap   total 438272K, used 230457K [0x0000000080000000, 0x0000000100000000)
  region size 1024K, 12 young (12288K), 12 survivors (12288K)
 Metaspace       used 119969K, committed 121088K, reserved 528384K
  class space    used 16217K, committed 16768K, reserved 421888K
}
Event: 50.933 GC heap before
{Heap before GC invocations=54 (full 0):
 garbage-first heap   total 438272K, used 369721K [0x0000000080000000, 0x0000000100000000)
  region size 1024K, 149 young (152576K), 12 survivors (12288K)
 Metaspace       used 119987K, committed 121152K, reserved 528384K
  class space    used 16217K, committed 16768K, reserved 421888K
}
Event: 50.952 GC heap after
{Heap after GC invocations=55 (full 0):
 garbage-first heap   total 438272K, used 233724K [0x0000000080000000, 0x0000000100000000)
  region size 1024K, 12 young (12288K), 12 survivors (12288K)
 Metaspace       used 119987K, committed 121152K, reserved 528384K
  class space    used 16217K, committed 16768K, reserved 421888K
}
Event: 51.569 GC heap before
{Heap before GC invocations=55 (full 0):
 garbage-first heap   total 438272K, used 374012K [0x0000000080000000, 0x0000000100000000)
  region size 1024K, 149 young (152576K), 12 survivors (12288K)
 Metaspace       used 120138K, committed 121280K, reserved 528384K
  class space    used 16228K, committed 16768K, reserved 421888K
}
Event: 51.584 GC heap after
{Heap after GC invocations=56 (full 0):
 garbage-first heap   total 438272K, used 233984K [0x0000000080000000, 0x0000000100000000)
  region size 1024K, 10 young (10240K), 10 survivors (10240K)
 Metaspace       used 120138K, committed 121280K, reserved 528384K
  class space    used 16228K, committed 16768K, reserved 421888K
}
Event: 52.178 GC heap before
{Heap before GC invocations=56 (full 0):
 garbage-first heap   total 438272K, used 375296K [0x0000000080000000, 0x0000000100000000)
  region size 1024K, 149 young (152576K), 10 survivors (10240K)
 Metaspace       used 120242K, committed 121408K, reserved 528384K
  class space    used 16230K, committed 16768K, reserved 421888K
}
Event: 52.194 GC heap after
{Heap after GC invocations=57 (full 0):
 garbage-first heap   total 438272K, used 236544K [0x0000000080000000, 0x0000000100000000)
  region size 1024K, 12 young (12288K), 12 survivors (12288K)
 Metaspace       used 120242K, committed 121408K, reserved 528384K
  class space    used 16230K, committed 16768K, reserved 421888K
}
Event: 52.779 GC heap before
{Heap before GC invocations=57 (full 0):
 garbage-first heap   total 438272K, used 379904K [0x0000000080000000, 0x0000000100000000)
  region size 1024K, 149 young (152576K), 12 survivors (12288K)
 Metaspace       used 120316K, committed 121408K, reserved 528384K
  class space    used 16232K, committed 16768K, reserved 421888K
}
Event: 52.800 GC heap after
{Heap after GC invocations=58 (full 0):
 garbage-first heap   total 438272K, used 246858K [0x0000000080000000, 0x0000000100000000)
  region size 1024K, 19 young (19456K), 19 survivors (19456K)
 Metaspace       used 120316K, committed 121408K, reserved 528384K
  class space    used 16232K, committed 16768K, reserved 421888K
}
Event: 53.207 GC heap before
{Heap before GC invocations=58 (full 0):
 garbage-first heap   total 438272K, used 368714K [0x0000000080000000, 0x0000000100000000)
  region size 1024K, 139 young (142336K), 19 survivors (19456K)
 Metaspace       used 120359K, committed 121472K, reserved 528384K
  class space    used 16235K, committed 16768K, reserved 421888K
}
Event: 53.235 GC heap after
{Heap after GC invocations=59 (full 0):
 garbage-first heap   total 438272K, used 256512K [0x0000000080000000, 0x0000000100000000)
  region size 1024K, 16 young (16384K), 16 survivors (16384K)
 Metaspace       used 120359K, committed 121472K, reserved 528384K
  class space    used 16235K, committed 16768K, reserved 421888K
}
Event: 53.561 GC heap before
{Heap before GC invocations=59 (full 0):
 garbage-first heap   total 438272K, used 365056K [0x0000000080000000, 0x0000000100000000)
  region size 1024K, 123 young (125952K), 16 survivors (16384K)
 Metaspace       used 120364K, committed 121472K, reserved 528384K
  class space    used 16235K, committed 16768K, reserved 421888K
}
Event: 53.589 GC heap after
{Heap after GC invocations=60 (full 0):
 garbage-first heap   total 438272K, used 265216K [0x0000000080000000, 0x0000000100000000)
  region size 1024K, 11 young (11264K), 11 survivors (11264K)
 Metaspace       used 120364K, committed 121472K, reserved 528384K
  class space    used 16235K, committed 16768K, reserved 421888K
}
Event: 53.886 GC heap before
{Heap before GC invocations=60 (full 0):
 garbage-first heap   total 438272K, used 367616K [0x0000000080000000, 0x0000000100000000)
  region size 1024K, 111 young (113664K), 11 survivors (11264K)
 Metaspace       used 120368K, committed 121472K, reserved 528384K
  class space    used 16235K, committed 16768K, reserved 421888K
}
Event: 53.921 GC heap after
{Heap after GC invocations=61 (full 0):
 garbage-first heap   total 438272K, used 273408K [0x0000000080000000, 0x0000000100000000)
  region size 1024K, 8 young (8192K), 8 survivors (8192K)
 Metaspace       used 120368K, committed 121472K, reserved 528384K
  class space    used 16235K, committed 16768K, reserved 421888K
}
Event: 54.223 GC heap before
{Heap before GC invocations=61 (full 0):
 garbage-first heap   total 438272K, used 369664K [0x0000000080000000, 0x0000000100000000)
  region size 1024K, 102 young (104448K), 8 survivors (8192K)
 Metaspace       used 120373K, committed 121472K, reserved 528384K
  class space    used 16236K, committed 16768K, reserved 421888K
}
Event: 54.270 GC heap after
{Heap after GC invocations=62 (full 0):
 garbage-first heap   total 438272K, used 283554K [0x0000000080000000, 0x0000000100000000)
  region size 1024K, 10 young (10240K), 10 survivors (10240K)
 Metaspace       used 120373K, committed 121472K, reserved 528384K
  class space    used 16236K, committed 16768K, reserved 421888K
}
Event: 54.639 GC heap before
{Heap before GC invocations=62 (full 0):
 garbage-first heap   total 438272K, used 370594K [0x0000000080000000, 0x0000000100000000)
  region size 1024K, 95 young (97280K), 10 survivors (10240K)
 Metaspace       used 120378K, committed 121472K, reserved 528384K
  class space    used 16236K, committed 16768K, reserved 421888K
}

